[0.571s] Invoking command in '/home/joe/vt/vtti/aria_ros_ws/src/localization_server': PYTHONPATH=/home/joe/vt/vtti/aria_ros_ws/build/localization_server/prefix_override:/usr/lib/python3/dist-packages/colcon_core/task/python/colcon_distutils_commands:/home/joe/vt/vtti/aria_ros_ws/install/localization_server/lib/python3.10/site-packages:${PYTHONPATH} /usr/bin/python3 -W ignore:setup.py install is deprecated setup.py egg_info --egg-base ../../build/localization_server build --build-base /home/joe/vt/vtti/aria_ros_ws/build/localization_server/build install --record /home/joe/vt/vtti/aria_ros_ws/build/localization_server/install.log --single-version-externally-managed install_data
[0.792s] running egg_info
[0.793s] writing ../../build/localization_server/localization_server.egg-info/PKG-INFO
[0.793s] writing dependency_links to ../../build/localization_server/localization_server.egg-info/dependency_links.txt
[0.793s] writing entry points to ../../build/localization_server/localization_server.egg-info/entry_points.txt
[0.793s] writing requirements to ../../build/localization_server/localization_server.egg-info/requires.txt
[0.794s] writing top-level names to ../../build/localization_server/localization_server.egg-info/top_level.txt
[0.797s] reading manifest file '../../build/localization_server/localization_server.egg-info/SOURCES.txt'
[0.798s] writing manifest file '../../build/localization_server/localization_server.egg-info/SOURCES.txt'
[0.798s] running build
[0.798s] running build_py
[0.799s] running install
[0.799s] running install_lib
[0.801s] running install_data
[0.801s] running install_egg_info
[0.803s] removing '/home/joe/vt/vtti/aria_ros_ws/install/localization_server/lib/python3.10/site-packages/localization_server-0.0.0-py3.10.egg-info' (and everything under it)
[0.803s] Copying ../../build/localization_server/localization_server.egg-info to /home/joe/vt/vtti/aria_ros_ws/install/localization_server/lib/python3.10/site-packages/localization_server-0.0.0-py3.10.egg-info
[0.805s] running install_scripts
[0.830s] writing list of installed files to '/home/joe/vt/vtti/aria_ros_ws/build/localization_server/install.log'
[1.035s] Invoked command in '/home/joe/vt/vtti/aria_ros_ws/src/localization_server' returned '0': PYTHONPATH=/home/joe/vt/vtti/aria_ros_ws/build/localization_server/prefix_override:/usr/lib/python3/dist-packages/colcon_core/task/python/colcon_distutils_commands:/home/joe/vt/vtti/aria_ros_ws/install/localization_server/lib/python3.10/site-packages:${PYTHONPATH} /usr/bin/python3 -W ignore:setup.py install is deprecated setup.py egg_info --egg-base ../../build/localization_server build --build-base /home/joe/vt/vtti/aria_ros_ws/build/localization_server/build install --record /home/joe/vt/vtti/aria_ros_ws/build/localization_server/install.log --single-version-externally-managed install_data
