[0.545s] Invoking command in '/home/joe/vt/vtti/aria_ros_ws/src/localization_server': PYTHONPATH=/home/joe/vt/vtti/aria_ros_ws/build/localization_server/prefix_override:/usr/lib/python3/dist-packages/colcon_core/task/python/colcon_distutils_commands:/home/joe/vt/vtti/aria_ros_ws/install/localization_server/lib/python3.10/site-packages:${PYTHONPATH} /usr/bin/python3 -W ignore:setup.py install is deprecated setup.py egg_info --egg-base ../../build/localization_server build --build-base /home/joe/vt/vtti/aria_ros_ws/build/localization_server/build install --record /home/joe/vt/vtti/aria_ros_ws/build/localization_server/install.log --single-version-externally-managed install_data
[0.743s] running egg_info
[0.744s] creating ../../build/localization_server/localization_server.egg-info
[0.744s] writing ../../build/localization_server/localization_server.egg-info/PKG-INFO
[0.744s] writing dependency_links to ../../build/localization_server/localization_server.egg-info/dependency_links.txt
[0.744s] writing entry points to ../../build/localization_server/localization_server.egg-info/entry_points.txt
[0.744s] writing requirements to ../../build/localization_server/localization_server.egg-info/requires.txt
[0.744s] writing top-level names to ../../build/localization_server/localization_server.egg-info/top_level.txt
[0.744s] writing manifest file '../../build/localization_server/localization_server.egg-info/SOURCES.txt'
[0.745s] reading manifest file '../../build/localization_server/localization_server.egg-info/SOURCES.txt'
[0.746s] writing manifest file '../../build/localization_server/localization_server.egg-info/SOURCES.txt'
[0.746s] running build
[0.746s] running build_py
[0.746s] creating /home/joe/vt/vtti/aria_ros_ws/build/localization_server/build
[0.746s] creating /home/joe/vt/vtti/aria_ros_ws/build/localization_server/build/lib
[0.746s] creating /home/joe/vt/vtti/aria_ros_ws/build/localization_server/build/lib/localization_server
[0.746s] copying localization_server/server.py -> /home/joe/vt/vtti/aria_ros_ws/build/localization_server/build/lib/localization_server
[0.746s] copying localization_server/__init__.py -> /home/joe/vt/vtti/aria_ros_ws/build/localization_server/build/lib/localization_server
[0.746s] running install
[0.747s] running install_lib
[0.747s] creating /home/joe/vt/vtti/aria_ros_ws/install/localization_server/lib/python3.10/site-packages/localization_server
[0.747s] copying /home/joe/vt/vtti/aria_ros_ws/build/localization_server/build/lib/localization_server/server.py -> /home/joe/vt/vtti/aria_ros_ws/install/localization_server/lib/python3.10/site-packages/localization_server
[0.747s] copying /home/joe/vt/vtti/aria_ros_ws/build/localization_server/build/lib/localization_server/__init__.py -> /home/joe/vt/vtti/aria_ros_ws/install/localization_server/lib/python3.10/site-packages/localization_server
[0.748s] byte-compiling /home/joe/vt/vtti/aria_ros_ws/install/localization_server/lib/python3.10/site-packages/localization_server/server.py to server.cpython-310.pyc
[0.748s] byte-compiling /home/joe/vt/vtti/aria_ros_ws/install/localization_server/lib/python3.10/site-packages/localization_server/__init__.py to __init__.cpython-310.pyc
[0.748s] running install_data
[0.748s] creating /home/joe/vt/vtti/aria_ros_ws/install/localization_server/share/ament_index
[0.748s] creating /home/joe/vt/vtti/aria_ros_ws/install/localization_server/share/ament_index/resource_index
[0.749s] creating /home/joe/vt/vtti/aria_ros_ws/install/localization_server/share/ament_index/resource_index/packages
[0.749s] copying resource/localization_server -> /home/joe/vt/vtti/aria_ros_ws/install/localization_server/share/ament_index/resource_index/packages
[0.749s] copying package.xml -> /home/joe/vt/vtti/aria_ros_ws/install/localization_server/share/localization_server
[0.749s] running install_egg_info
[0.751s] Copying ../../build/localization_server/localization_server.egg-info to /home/joe/vt/vtti/aria_ros_ws/install/localization_server/lib/python3.10/site-packages/localization_server-0.0.0-py3.10.egg-info
[0.751s] running install_scripts
[0.766s] writing list of installed files to '/home/joe/vt/vtti/aria_ros_ws/build/localization_server/install.log'
[0.784s] Invoked command in '/home/joe/vt/vtti/aria_ros_ws/src/localization_server' returned '0': PYTHONPATH=/home/joe/vt/vtti/aria_ros_ws/build/localization_server/prefix_override:/usr/lib/python3/dist-packages/colcon_core/task/python/colcon_distutils_commands:/home/joe/vt/vtti/aria_ros_ws/install/localization_server/lib/python3.10/site-packages:${PYTHONPATH} /usr/bin/python3 -W ignore:setup.py install is deprecated setup.py egg_info --egg-base ../../build/localization_server build --build-base /home/joe/vt/vtti/aria_ros_ws/build/localization_server/build install --record /home/joe/vt/vtti/aria_ros_ws/build/localization_server/install.log --single-version-externally-managed install_data
