[0.014s] Invoking command in '/home/joe/vt/vtti/aria_ros_ws/build/aria_vtti_interfaces': CMAKE_PREFIX_PATH=/opt/ros/humble /usr/bin/cmake /home/joe/vt/vtti/aria_ros_ws/src/aria_vtti_interfaces -DCMAKE_INSTALL_PREFIX=/home/joe/vt/vtti/aria_ros_ws/install/aria_vtti_interfaces
[0.060s] -- The C compiler identification is GNU 11.4.0
[0.102s] -- The CXX compiler identification is GNU 11.4.0
[0.108s] -- Detecting C compiler ABI info
[0.161s] -- Detecting C compiler ABI info - done
[0.169s] -- Check for working C compiler: /usr/bin/cc - skipped
[0.169s] -- Detecting C compile features
[0.169s] -- Detecting C compile features - done
[0.171s] -- Detecting CXX compiler ABI info
[0.233s] -- Detecting CXX compiler ABI info - done
[0.239s] -- Check for working CXX compiler: /usr/bin/c++ - skipped
[0.239s] -- Detecting CXX compile features
[0.239s] -- Detecting CXX compile features - done
[0.241s] -- Found ament_cmake: 1.3.10 (/opt/ros/humble/share/ament_cmake/cmake)
[1.086s] -- Found Python3: /home/joe/.pyenv/shims/python3 (found version "3.10.16") found components: Interpreter 
[1.225s] -- Found rosidl_default_generators: 1.2.0 (/opt/ros/humble/share/rosidl_default_generators/cmake)
[1.227s] -- Using all available rosidl_typesupport_c: rosidl_typesupport_fastrtps_c;rosidl_typesupport_introspection_c
[1.233s] -- Found rosidl_adapter: 3.1.5 (/opt/ros/humble/share/rosidl_adapter/cmake)
[1.258s] -- Using all available rosidl_typesupport_cpp: rosidl_typesupport_fastrtps_cpp;rosidl_typesupport_introspection_cpp
[1.745s] -- Found ament_cmake_ros: 0.10.0 (/opt/ros/humble/share/ament_cmake_ros/cmake)
[2.088s] -- Using all available rosidl_typesupport_c: rosidl_typesupport_fastrtps_c;rosidl_typesupport_introspection_c
[2.553s] -- Using all available rosidl_typesupport_cpp: rosidl_typesupport_fastrtps_cpp;rosidl_typesupport_introspection_cpp
[2.652s] -- Found PythonInterp: /home/joe/.pyenv/shims/python3 (found suitable version "3.10.16", minimum required is "3.6") 
[2.653s] -- Found python_cmake_module: 0.10.0 (/opt/ros/humble/share/python_cmake_module/cmake)
[2.757s] -- Found PythonLibs: /usr/lib/x86_64-linux-gnu/libpython3.10.so (found suitable version "3.10.12", minimum required is "3.5") 
[2.758s] -- Using PYTHON_EXECUTABLE: /home/joe/.pyenv/shims/python3
[2.758s] -- Using PYTHON_INCLUDE_DIRS: /usr/include/python3.10
[2.758s] -- Using PYTHON_LIBRARIES: /usr/lib/x86_64-linux-gnu/libpython3.10.so
[2.821s] -- Found PythonExtra: .so  
[2.922s] -- Found ament_lint_auto: 0.12.11 (/opt/ros/humble/share/ament_lint_auto/cmake)
[2.935s] -- Added test 'lint_cmake' to check CMake code style
[2.935s] -- Added test 'xmllint' to check XML markup files
[2.938s] -- Configuring done
[2.959s] -- Generating done
[2.962s] -- Build files have been written to: /home/joe/vt/vtti/aria_ros_ws/build/aria_vtti_interfaces
[2.968s] Invoked command in '/home/joe/vt/vtti/aria_ros_ws/build/aria_vtti_interfaces' returned '0': CMAKE_PREFIX_PATH=/opt/ros/humble /usr/bin/cmake /home/joe/vt/vtti/aria_ros_ws/src/aria_vtti_interfaces -DCMAKE_INSTALL_PREFIX=/home/joe/vt/vtti/aria_ros_ws/install/aria_vtti_interfaces
[2.970s] Invoking command in '/home/joe/vt/vtti/aria_ros_ws/build/aria_vtti_interfaces': CMAKE_PREFIX_PATH=/opt/ros/humble /usr/bin/cmake --build /home/joe/vt/vtti/aria_ros_ws/build/aria_vtti_interfaces -- -j8 -l8
[2.997s] [  3%] [34m[1mGenerating C code for ROS interfaces[0m
[3.004s] [  6%] [34m[1mGenerating C++ code for ROS interfaces[0m
[3.010s] [  6%] Built target ament_cmake_python_copy_aria_vtti_interfaces
[3.332s] [  6%] Built target aria_vtti_interfaces__cpp
[3.341s] [ 12%] [34m[1mGenerating C++ type support dispatch for ROS interfaces[0m
[3.341s] [ 12%] [32mBuilding C object CMakeFiles/aria_vtti_interfaces__rosidl_generator_c.dir/rosidl_generator_c/aria_vtti_interfaces/srv/detail/start__functions.c.o[0m
[3.342s] [ 16%] [34m[1mGenerating C++ type support for eProsima Fast-RTPS[0m
[3.342s] [ 19%] [34m[1mGenerating C++ introspection for ROS interfaces[0m
[3.390s] [ 22%] [32m[1mLinking C shared library libaria_vtti_interfaces__rosidl_generator_c.so[0m
[3.419s] [ 22%] Built target aria_vtti_interfaces__rosidl_generator_c
[3.425s] running egg_info
[3.425s] creating aria_vtti_interfaces.egg-info
[3.429s] [ 25%] [34m[1mGenerating C type support for eProsima Fast-RTPS[0m
[3.429s] [ 29%] [34m[1mGenerating C introspection for ROS interfaces[0m
[3.430s] [ 32%] [34m[1mGenerating C type support dispatch for ROS interfaces[0m
[3.461s] writing aria_vtti_interfaces.egg-info/PKG-INFO
[3.462s] writing dependency_links to aria_vtti_interfaces.egg-info/dependency_links.txt
[3.462s] writing top-level names to aria_vtti_interfaces.egg-info/top_level.txt
[3.463s] writing manifest file 'aria_vtti_interfaces.egg-info/SOURCES.txt'
[3.537s] reading manifest file 'aria_vtti_interfaces.egg-info/SOURCES.txt'
[3.538s] writing manifest file 'aria_vtti_interfaces.egg-info/SOURCES.txt'
[3.581s] [ 32%] Built target ament_cmake_python_build_aria_vtti_interfaces_egg
[3.807s] [ 35%] [32mBuilding CXX object CMakeFiles/aria_vtti_interfaces__rosidl_typesupport_c.dir/rosidl_typesupport_c/aria_vtti_interfaces/srv/start__type_support.cpp.o[0m
[3.831s] [ 38%] [32m[1mLinking CXX shared library libaria_vtti_interfaces__rosidl_typesupport_c.so[0m
[3.848s] [ 41%] [32mBuilding C object CMakeFiles/aria_vtti_interfaces__rosidl_typesupport_introspection_c.dir/rosidl_typesupport_introspection_c/aria_vtti_interfaces/srv/detail/start__type_support.c.o[0m
[3.865s] [ 41%] Built target aria_vtti_interfaces__rosidl_typesupport_c
[3.873s] [ 45%] [32mBuilding CXX object CMakeFiles/aria_vtti_interfaces__rosidl_typesupport_cpp.dir/rosidl_typesupport_cpp/aria_vtti_interfaces/srv/start__type_support.cpp.o[0m
[3.875s] [ 48%] [32m[1mLinking C shared library libaria_vtti_interfaces__rosidl_typesupport_introspection_c.so[0m
[3.898s] [ 48%] Built target aria_vtti_interfaces__rosidl_typesupport_introspection_c
[3.909s] [ 51%] [32mBuilding CXX object CMakeFiles/aria_vtti_interfaces__rosidl_typesupport_introspection_cpp.dir/rosidl_typesupport_introspection_cpp/aria_vtti_interfaces/srv/detail/start__type_support.cpp.o[0m
[3.920s] [ 54%] [32mBuilding CXX object CMakeFiles/aria_vtti_interfaces__rosidl_typesupport_fastrtps_cpp.dir/rosidl_typesupport_fastrtps_cpp/aria_vtti_interfaces/srv/detail/dds_fastrtps/start__type_support.cpp.o[0m
[3.971s] [ 58%] [32mBuilding CXX object CMakeFiles/aria_vtti_interfaces__rosidl_typesupport_fastrtps_c.dir/rosidl_typesupport_fastrtps_c/aria_vtti_interfaces/srv/detail/start__type_support_c.cpp.o[0m
[4.075s] [ 61%] [32m[1mLinking CXX shared library libaria_vtti_interfaces__rosidl_typesupport_cpp.so[0m
[4.106s] [ 61%] Built target aria_vtti_interfaces__rosidl_typesupport_cpp
[4.220s] [ 64%] [32m[1mLinking CXX shared library libaria_vtti_interfaces__rosidl_typesupport_fastrtps_cpp.so[0m
[4.228s] [ 67%] [32m[1mLinking CXX shared library libaria_vtti_interfaces__rosidl_typesupport_fastrtps_c.so[0m
[4.246s] [ 70%] [32m[1mLinking CXX shared library libaria_vtti_interfaces__rosidl_typesupport_introspection_cpp.so[0m
[4.279s] [ 70%] Built target aria_vtti_interfaces__rosidl_typesupport_introspection_cpp
[4.281s] [ 70%] Built target aria_vtti_interfaces__rosidl_typesupport_fastrtps_cpp
[4.290s] [ 70%] Built target aria_vtti_interfaces__rosidl_typesupport_fastrtps_c
[4.304s] [ 70%] Built target aria_vtti_interfaces
[4.320s] [ 74%] [34m[1mGenerating Python code for ROS interfaces[0m
[4.710s] [ 74%] Built target aria_vtti_interfaces__py
[4.724s] [ 77%] [32mBuilding C object CMakeFiles/aria_vtti_interfaces__rosidl_generator_py.dir/rosidl_generator_py/aria_vtti_interfaces/srv/_start_s.c.o[0m
[4.838s] [ 80%] [32m[1mLinking C shared library rosidl_generator_py/aria_vtti_interfaces/libaria_vtti_interfaces__rosidl_generator_py.so[0m
[4.867s] [ 80%] Built target aria_vtti_interfaces__rosidl_generator_py
[4.881s] [ 83%] [32mBuilding C object CMakeFiles/aria_vtti_interfaces__rosidl_typesupport_introspection_c__pyext.dir/rosidl_generator_py/aria_vtti_interfaces/_aria_vtti_interfaces_s.ep.rosidl_typesupport_introspection_c.c.o[0m
[4.881s] [ 87%] [32mBuilding C object CMakeFiles/aria_vtti_interfaces__rosidl_typesupport_fastrtps_c__pyext.dir/rosidl_generator_py/aria_vtti_interfaces/_aria_vtti_interfaces_s.ep.rosidl_typesupport_fastrtps_c.c.o[0m
[4.881s] [ 90%] [32mBuilding C object CMakeFiles/aria_vtti_interfaces__rosidl_typesupport_c__pyext.dir/rosidl_generator_py/aria_vtti_interfaces/_aria_vtti_interfaces_s.ep.rosidl_typesupport_c.c.o[0m
[4.950s] [ 93%] [32m[1mLinking C shared library rosidl_generator_py/aria_vtti_interfaces/aria_vtti_interfaces_s__rosidl_typesupport_c.cpython-310-x86_64-linux-gnu.so[0m
[4.951s] [ 96%] [32m[1mLinking C shared library rosidl_generator_py/aria_vtti_interfaces/aria_vtti_interfaces_s__rosidl_typesupport_introspection_c.cpython-310-x86_64-linux-gnu.so[0m
[4.953s] [100%] [32m[1mLinking C shared library rosidl_generator_py/aria_vtti_interfaces/aria_vtti_interfaces_s__rosidl_typesupport_fastrtps_c.cpython-310-x86_64-linux-gnu.so[0m
[4.974s] [100%] Built target aria_vtti_interfaces__rosidl_typesupport_introspection_c__pyext
[4.974s] [100%] Built target aria_vtti_interfaces__rosidl_typesupport_c__pyext
[4.977s] [100%] Built target aria_vtti_interfaces__rosidl_typesupport_fastrtps_c__pyext
[4.984s] Invoked command in '/home/joe/vt/vtti/aria_ros_ws/build/aria_vtti_interfaces' returned '0': CMAKE_PREFIX_PATH=/opt/ros/humble /usr/bin/cmake --build /home/joe/vt/vtti/aria_ros_ws/build/aria_vtti_interfaces -- -j8 -l8
[5.032s] Invoking command in '/home/joe/vt/vtti/aria_ros_ws/build/aria_vtti_interfaces': CMAKE_PREFIX_PATH=/opt/ros/humble /usr/bin/cmake --install /home/joe/vt/vtti/aria_ros_ws/build/aria_vtti_interfaces
[5.038s] -- Install configuration: ""
[5.038s] -- Installing: /home/joe/vt/vtti/aria_ros_ws/install/aria_vtti_interfaces/share/ament_index/resource_index/rosidl_interfaces/aria_vtti_interfaces
[5.038s] -- Installing: /home/joe/vt/vtti/aria_ros_ws/install/aria_vtti_interfaces/include/aria_vtti_interfaces/aria_vtti_interfaces
[5.038s] -- Installing: /home/joe/vt/vtti/aria_ros_ws/install/aria_vtti_interfaces/include/aria_vtti_interfaces/aria_vtti_interfaces/srv
[5.038s] -- Installing: /home/joe/vt/vtti/aria_ros_ws/install/aria_vtti_interfaces/include/aria_vtti_interfaces/aria_vtti_interfaces/srv/detail
[5.038s] -- Installing: /home/joe/vt/vtti/aria_ros_ws/install/aria_vtti_interfaces/include/aria_vtti_interfaces/aria_vtti_interfaces/srv/detail/start__struct.h
[5.038s] -- Installing: /home/joe/vt/vtti/aria_ros_ws/install/aria_vtti_interfaces/include/aria_vtti_interfaces/aria_vtti_interfaces/srv/detail/start__type_support.h
[5.038s] -- Installing: /home/joe/vt/vtti/aria_ros_ws/install/aria_vtti_interfaces/include/aria_vtti_interfaces/aria_vtti_interfaces/srv/detail/start__functions.h
[5.038s] -- Installing: /home/joe/vt/vtti/aria_ros_ws/install/aria_vtti_interfaces/include/aria_vtti_interfaces/aria_vtti_interfaces/srv/detail/start__functions.c
[5.039s] -- Installing: /home/joe/vt/vtti/aria_ros_ws/install/aria_vtti_interfaces/include/aria_vtti_interfaces/aria_vtti_interfaces/srv/start.h
[5.039s] -- Installing: /home/joe/vt/vtti/aria_ros_ws/install/aria_vtti_interfaces/include/aria_vtti_interfaces/aria_vtti_interfaces/msg
[5.039s] -- Installing: /home/joe/vt/vtti/aria_ros_ws/install/aria_vtti_interfaces/include/aria_vtti_interfaces/aria_vtti_interfaces/msg/rosidl_generator_c__visibility_control.h
[5.039s] -- Installing: /home/joe/vt/vtti/aria_ros_ws/install/aria_vtti_interfaces/share/aria_vtti_interfaces/environment/library_path.sh
[5.039s] -- Installing: /home/joe/vt/vtti/aria_ros_ws/install/aria_vtti_interfaces/share/aria_vtti_interfaces/environment/library_path.dsv
[5.039s] -- Installing: /home/joe/vt/vtti/aria_ros_ws/install/aria_vtti_interfaces/lib/libaria_vtti_interfaces__rosidl_generator_c.so
[5.039s] -- Set runtime path of "/home/joe/vt/vtti/aria_ros_ws/install/aria_vtti_interfaces/lib/libaria_vtti_interfaces__rosidl_generator_c.so" to ""
[5.039s] -- Up-to-date: /home/joe/vt/vtti/aria_ros_ws/install/aria_vtti_interfaces/include/aria_vtti_interfaces/aria_vtti_interfaces
[5.039s] -- Up-to-date: /home/joe/vt/vtti/aria_ros_ws/install/aria_vtti_interfaces/include/aria_vtti_interfaces/aria_vtti_interfaces/srv
[5.039s] -- Up-to-date: /home/joe/vt/vtti/aria_ros_ws/install/aria_vtti_interfaces/include/aria_vtti_interfaces/aria_vtti_interfaces/srv/detail
[5.039s] -- Installing: /home/joe/vt/vtti/aria_ros_ws/install/aria_vtti_interfaces/include/aria_vtti_interfaces/aria_vtti_interfaces/srv/detail/start__rosidl_typesupport_fastrtps_c.h
[5.039s] -- Up-to-date: /home/joe/vt/vtti/aria_ros_ws/install/aria_vtti_interfaces/include/aria_vtti_interfaces/aria_vtti_interfaces/msg
[5.039s] -- Installing: /home/joe/vt/vtti/aria_ros_ws/install/aria_vtti_interfaces/include/aria_vtti_interfaces/aria_vtti_interfaces/msg/rosidl_typesupport_fastrtps_c__visibility_control.h
[5.039s] -- Installing: /home/joe/vt/vtti/aria_ros_ws/install/aria_vtti_interfaces/lib/libaria_vtti_interfaces__rosidl_typesupport_fastrtps_c.so
[5.039s] -- Set runtime path of "/home/joe/vt/vtti/aria_ros_ws/install/aria_vtti_interfaces/lib/libaria_vtti_interfaces__rosidl_typesupport_fastrtps_c.so" to ""
[5.039s] -- Up-to-date: /home/joe/vt/vtti/aria_ros_ws/install/aria_vtti_interfaces/include/aria_vtti_interfaces/aria_vtti_interfaces
[5.040s] -- Up-to-date: /home/joe/vt/vtti/aria_ros_ws/install/aria_vtti_interfaces/include/aria_vtti_interfaces/aria_vtti_interfaces/srv
[5.040s] -- Up-to-date: /home/joe/vt/vtti/aria_ros_ws/install/aria_vtti_interfaces/include/aria_vtti_interfaces/aria_vtti_interfaces/srv/detail
[5.040s] -- Installing: /home/joe/vt/vtti/aria_ros_ws/install/aria_vtti_interfaces/include/aria_vtti_interfaces/aria_vtti_interfaces/srv/detail/start__type_support.c
[5.040s] -- Installing: /home/joe/vt/vtti/aria_ros_ws/install/aria_vtti_interfaces/include/aria_vtti_interfaces/aria_vtti_interfaces/srv/detail/start__rosidl_typesupport_introspection_c.h
[5.040s] -- Up-to-date: /home/joe/vt/vtti/aria_ros_ws/install/aria_vtti_interfaces/include/aria_vtti_interfaces/aria_vtti_interfaces/msg
[5.040s] -- Installing: /home/joe/vt/vtti/aria_ros_ws/install/aria_vtti_interfaces/include/aria_vtti_interfaces/aria_vtti_interfaces/msg/rosidl_typesupport_introspection_c__visibility_control.h
[5.040s] -- Installing: /home/joe/vt/vtti/aria_ros_ws/install/aria_vtti_interfaces/lib/libaria_vtti_interfaces__rosidl_typesupport_introspection_c.so
[5.040s] -- Set runtime path of "/home/joe/vt/vtti/aria_ros_ws/install/aria_vtti_interfaces/lib/libaria_vtti_interfaces__rosidl_typesupport_introspection_c.so" to ""
[5.040s] -- Installing: /home/joe/vt/vtti/aria_ros_ws/install/aria_vtti_interfaces/lib/libaria_vtti_interfaces__rosidl_typesupport_c.so
[5.041s] -- Set runtime path of "/home/joe/vt/vtti/aria_ros_ws/install/aria_vtti_interfaces/lib/libaria_vtti_interfaces__rosidl_typesupport_c.so" to ""
[5.041s] -- Up-to-date: /home/joe/vt/vtti/aria_ros_ws/install/aria_vtti_interfaces/include/aria_vtti_interfaces/aria_vtti_interfaces
[5.041s] -- Up-to-date: /home/joe/vt/vtti/aria_ros_ws/install/aria_vtti_interfaces/include/aria_vtti_interfaces/aria_vtti_interfaces/srv
[5.041s] -- Up-to-date: /home/joe/vt/vtti/aria_ros_ws/install/aria_vtti_interfaces/include/aria_vtti_interfaces/aria_vtti_interfaces/srv/detail
[5.041s] -- Installing: /home/joe/vt/vtti/aria_ros_ws/install/aria_vtti_interfaces/include/aria_vtti_interfaces/aria_vtti_interfaces/srv/detail/start__struct.hpp
[5.041s] -- Installing: /home/joe/vt/vtti/aria_ros_ws/install/aria_vtti_interfaces/include/aria_vtti_interfaces/aria_vtti_interfaces/srv/detail/start__traits.hpp
[5.041s] -- Installing: /home/joe/vt/vtti/aria_ros_ws/install/aria_vtti_interfaces/include/aria_vtti_interfaces/aria_vtti_interfaces/srv/detail/start__builder.hpp
[5.041s] -- Installing: /home/joe/vt/vtti/aria_ros_ws/install/aria_vtti_interfaces/include/aria_vtti_interfaces/aria_vtti_interfaces/srv/start.hpp
[5.041s] -- Up-to-date: /home/joe/vt/vtti/aria_ros_ws/install/aria_vtti_interfaces/include/aria_vtti_interfaces/aria_vtti_interfaces
[5.041s] -- Up-to-date: /home/joe/vt/vtti/aria_ros_ws/install/aria_vtti_interfaces/include/aria_vtti_interfaces/aria_vtti_interfaces/srv
[5.041s] -- Up-to-date: /home/joe/vt/vtti/aria_ros_ws/install/aria_vtti_interfaces/include/aria_vtti_interfaces/aria_vtti_interfaces/srv/detail
[5.041s] -- Installing: /home/joe/vt/vtti/aria_ros_ws/install/aria_vtti_interfaces/include/aria_vtti_interfaces/aria_vtti_interfaces/srv/detail/start__rosidl_typesupport_fastrtps_cpp.hpp
[5.041s] -- Installing: /home/joe/vt/vtti/aria_ros_ws/install/aria_vtti_interfaces/include/aria_vtti_interfaces/aria_vtti_interfaces/srv/detail/dds_fastrtps
[5.041s] -- Up-to-date: /home/joe/vt/vtti/aria_ros_ws/install/aria_vtti_interfaces/include/aria_vtti_interfaces/aria_vtti_interfaces/msg
[5.042s] -- Installing: /home/joe/vt/vtti/aria_ros_ws/install/aria_vtti_interfaces/include/aria_vtti_interfaces/aria_vtti_interfaces/msg/rosidl_typesupport_fastrtps_cpp__visibility_control.h
[5.042s] -- Installing: /home/joe/vt/vtti/aria_ros_ws/install/aria_vtti_interfaces/lib/libaria_vtti_interfaces__rosidl_typesupport_fastrtps_cpp.so
[5.042s] -- Set runtime path of "/home/joe/vt/vtti/aria_ros_ws/install/aria_vtti_interfaces/lib/libaria_vtti_interfaces__rosidl_typesupport_fastrtps_cpp.so" to ""
[5.042s] -- Up-to-date: /home/joe/vt/vtti/aria_ros_ws/install/aria_vtti_interfaces/include/aria_vtti_interfaces/aria_vtti_interfaces
[5.042s] -- Up-to-date: /home/joe/vt/vtti/aria_ros_ws/install/aria_vtti_interfaces/include/aria_vtti_interfaces/aria_vtti_interfaces/srv
[5.042s] -- Up-to-date: /home/joe/vt/vtti/aria_ros_ws/install/aria_vtti_interfaces/include/aria_vtti_interfaces/aria_vtti_interfaces/srv/detail
[5.042s] -- Installing: /home/joe/vt/vtti/aria_ros_ws/install/aria_vtti_interfaces/include/aria_vtti_interfaces/aria_vtti_interfaces/srv/detail/start__rosidl_typesupport_introspection_cpp.hpp
[5.042s] -- Installing: /home/joe/vt/vtti/aria_ros_ws/install/aria_vtti_interfaces/include/aria_vtti_interfaces/aria_vtti_interfaces/srv/detail/start__type_support.cpp
[5.042s] -- Installing: /home/joe/vt/vtti/aria_ros_ws/install/aria_vtti_interfaces/lib/libaria_vtti_interfaces__rosidl_typesupport_introspection_cpp.so
[5.042s] -- Set runtime path of "/home/joe/vt/vtti/aria_ros_ws/install/aria_vtti_interfaces/lib/libaria_vtti_interfaces__rosidl_typesupport_introspection_cpp.so" to ""
[5.042s] -- Installing: /home/joe/vt/vtti/aria_ros_ws/install/aria_vtti_interfaces/lib/libaria_vtti_interfaces__rosidl_typesupport_cpp.so
[5.042s] -- Set runtime path of "/home/joe/vt/vtti/aria_ros_ws/install/aria_vtti_interfaces/lib/libaria_vtti_interfaces__rosidl_typesupport_cpp.so" to ""
[5.043s] -- Installing: /home/joe/vt/vtti/aria_ros_ws/install/aria_vtti_interfaces/share/aria_vtti_interfaces/environment/pythonpath.sh
[5.043s] -- Installing: /home/joe/vt/vtti/aria_ros_ws/install/aria_vtti_interfaces/share/aria_vtti_interfaces/environment/pythonpath.dsv
[5.043s] -- Installing: /home/joe/vt/vtti/aria_ros_ws/install/aria_vtti_interfaces/lib/python3.10/site-packages/aria_vtti_interfaces-0.0.0-py3.10.egg-info
[5.043s] -- Installing: /home/joe/vt/vtti/aria_ros_ws/install/aria_vtti_interfaces/lib/python3.10/site-packages/aria_vtti_interfaces-0.0.0-py3.10.egg-info/SOURCES.txt
[5.043s] -- Installing: /home/joe/vt/vtti/aria_ros_ws/install/aria_vtti_interfaces/lib/python3.10/site-packages/aria_vtti_interfaces-0.0.0-py3.10.egg-info/dependency_links.txt
[5.043s] -- Installing: /home/joe/vt/vtti/aria_ros_ws/install/aria_vtti_interfaces/lib/python3.10/site-packages/aria_vtti_interfaces-0.0.0-py3.10.egg-info/PKG-INFO
[5.043s] -- Installing: /home/joe/vt/vtti/aria_ros_ws/install/aria_vtti_interfaces/lib/python3.10/site-packages/aria_vtti_interfaces-0.0.0-py3.10.egg-info/top_level.txt
[5.043s] -- Installing: /home/joe/vt/vtti/aria_ros_ws/install/aria_vtti_interfaces/lib/python3.10/site-packages/aria_vtti_interfaces
[5.044s] -- Installing: /home/joe/vt/vtti/aria_ros_ws/install/aria_vtti_interfaces/lib/python3.10/site-packages/aria_vtti_interfaces/srv
[5.044s] -- Installing: /home/joe/vt/vtti/aria_ros_ws/install/aria_vtti_interfaces/lib/python3.10/site-packages/aria_vtti_interfaces/srv/_start_s.c
[5.044s] -- Installing: /home/joe/vt/vtti/aria_ros_ws/install/aria_vtti_interfaces/lib/python3.10/site-packages/aria_vtti_interfaces/srv/_start.py
[5.044s] -- Installing: /home/joe/vt/vtti/aria_ros_ws/install/aria_vtti_interfaces/lib/python3.10/site-packages/aria_vtti_interfaces/srv/__init__.py
[5.044s] -- Installing: /home/joe/vt/vtti/aria_ros_ws/install/aria_vtti_interfaces/lib/python3.10/site-packages/aria_vtti_interfaces/_aria_vtti_interfaces_s.ep.rosidl_typesupport_c.c
[5.044s] -- Installing: /home/joe/vt/vtti/aria_ros_ws/install/aria_vtti_interfaces/lib/python3.10/site-packages/aria_vtti_interfaces/_aria_vtti_interfaces_s.ep.rosidl_typesupport_fastrtps_c.c
[5.044s] -- Installing: /home/joe/vt/vtti/aria_ros_ws/install/aria_vtti_interfaces/lib/python3.10/site-packages/aria_vtti_interfaces/libaria_vtti_interfaces__rosidl_generator_py.so
[5.044s] -- Installing: /home/joe/vt/vtti/aria_ros_ws/install/aria_vtti_interfaces/lib/python3.10/site-packages/aria_vtti_interfaces/__init__.py
[5.044s] -- Installing: /home/joe/vt/vtti/aria_ros_ws/install/aria_vtti_interfaces/lib/python3.10/site-packages/aria_vtti_interfaces/aria_vtti_interfaces_s__rosidl_typesupport_c.cpython-310-x86_64-linux-gnu.so
[5.044s] -- Installing: /home/joe/vt/vtti/aria_ros_ws/install/aria_vtti_interfaces/lib/python3.10/site-packages/aria_vtti_interfaces/aria_vtti_interfaces_s__rosidl_typesupport_fastrtps_c.cpython-310-x86_64-linux-gnu.so
[5.045s] -- Installing: /home/joe/vt/vtti/aria_ros_ws/install/aria_vtti_interfaces/lib/python3.10/site-packages/aria_vtti_interfaces/_aria_vtti_interfaces_s.ep.rosidl_typesupport_introspection_c.c
[5.045s] -- Installing: /home/joe/vt/vtti/aria_ros_ws/install/aria_vtti_interfaces/lib/python3.10/site-packages/aria_vtti_interfaces/aria_vtti_interfaces_s__rosidl_typesupport_introspection_c.cpython-310-x86_64-linux-gnu.so
[5.134s] Listing '/home/joe/vt/vtti/aria_ros_ws/install/aria_vtti_interfaces/lib/python3.10/site-packages/aria_vtti_interfaces'...
[5.134s] Compiling '/home/joe/vt/vtti/aria_ros_ws/install/aria_vtti_interfaces/lib/python3.10/site-packages/aria_vtti_interfaces/__init__.py'...
[5.134s] Listing '/home/joe/vt/vtti/aria_ros_ws/install/aria_vtti_interfaces/lib/python3.10/site-packages/aria_vtti_interfaces/srv'...
[5.134s] Compiling '/home/joe/vt/vtti/aria_ros_ws/install/aria_vtti_interfaces/lib/python3.10/site-packages/aria_vtti_interfaces/srv/__init__.py'...
[5.135s] Compiling '/home/joe/vt/vtti/aria_ros_ws/install/aria_vtti_interfaces/lib/python3.10/site-packages/aria_vtti_interfaces/srv/_start.py'...
[5.138s] -- Installing: /home/joe/vt/vtti/aria_ros_ws/install/aria_vtti_interfaces/lib/python3.10/site-packages/aria_vtti_interfaces/aria_vtti_interfaces_s__rosidl_typesupport_fastrtps_c.cpython-310-x86_64-linux-gnu.so
[5.138s] -- Set runtime path of "/home/joe/vt/vtti/aria_ros_ws/install/aria_vtti_interfaces/lib/python3.10/site-packages/aria_vtti_interfaces/aria_vtti_interfaces_s__rosidl_typesupport_fastrtps_c.cpython-310-x86_64-linux-gnu.so" to ""
[5.138s] -- Installing: /home/joe/vt/vtti/aria_ros_ws/install/aria_vtti_interfaces/lib/python3.10/site-packages/aria_vtti_interfaces/aria_vtti_interfaces_s__rosidl_typesupport_introspection_c.cpython-310-x86_64-linux-gnu.so
[5.139s] -- Set runtime path of "/home/joe/vt/vtti/aria_ros_ws/install/aria_vtti_interfaces/lib/python3.10/site-packages/aria_vtti_interfaces/aria_vtti_interfaces_s__rosidl_typesupport_introspection_c.cpython-310-x86_64-linux-gnu.so" to ""
[5.139s] -- Installing: /home/joe/vt/vtti/aria_ros_ws/install/aria_vtti_interfaces/lib/python3.10/site-packages/aria_vtti_interfaces/aria_vtti_interfaces_s__rosidl_typesupport_c.cpython-310-x86_64-linux-gnu.so
[5.139s] -- Set runtime path of "/home/joe/vt/vtti/aria_ros_ws/install/aria_vtti_interfaces/lib/python3.10/site-packages/aria_vtti_interfaces/aria_vtti_interfaces_s__rosidl_typesupport_c.cpython-310-x86_64-linux-gnu.so" to ""
[5.139s] -- Installing: /home/joe/vt/vtti/aria_ros_ws/install/aria_vtti_interfaces/lib/libaria_vtti_interfaces__rosidl_generator_py.so
[5.139s] -- Set runtime path of "/home/joe/vt/vtti/aria_ros_ws/install/aria_vtti_interfaces/lib/libaria_vtti_interfaces__rosidl_generator_py.so" to ""
[5.139s] -- Installing: /home/joe/vt/vtti/aria_ros_ws/install/aria_vtti_interfaces/share/aria_vtti_interfaces/srv/Start.idl
[5.139s] -- Installing: /home/joe/vt/vtti/aria_ros_ws/install/aria_vtti_interfaces/share/aria_vtti_interfaces/srv/Start.srv
[5.139s] -- Installing: /home/joe/vt/vtti/aria_ros_ws/install/aria_vtti_interfaces/share/aria_vtti_interfaces/srv/Start_Request.msg
[5.139s] -- Installing: /home/joe/vt/vtti/aria_ros_ws/install/aria_vtti_interfaces/share/aria_vtti_interfaces/srv/Start_Response.msg
[5.139s] -- Installing: /home/joe/vt/vtti/aria_ros_ws/install/aria_vtti_interfaces/share/ament_index/resource_index/package_run_dependencies/aria_vtti_interfaces
[5.139s] -- Installing: /home/joe/vt/vtti/aria_ros_ws/install/aria_vtti_interfaces/share/ament_index/resource_index/parent_prefix_path/aria_vtti_interfaces
[5.140s] -- Installing: /home/joe/vt/vtti/aria_ros_ws/install/aria_vtti_interfaces/share/aria_vtti_interfaces/environment/ament_prefix_path.sh
[5.140s] -- Installing: /home/joe/vt/vtti/aria_ros_ws/install/aria_vtti_interfaces/share/aria_vtti_interfaces/environment/ament_prefix_path.dsv
[5.140s] -- Installing: /home/joe/vt/vtti/aria_ros_ws/install/aria_vtti_interfaces/share/aria_vtti_interfaces/environment/path.sh
[5.140s] -- Installing: /home/joe/vt/vtti/aria_ros_ws/install/aria_vtti_interfaces/share/aria_vtti_interfaces/environment/path.dsv
[5.140s] -- Installing: /home/joe/vt/vtti/aria_ros_ws/install/aria_vtti_interfaces/share/aria_vtti_interfaces/local_setup.bash
[5.140s] -- Installing: /home/joe/vt/vtti/aria_ros_ws/install/aria_vtti_interfaces/share/aria_vtti_interfaces/local_setup.sh
[5.140s] -- Installing: /home/joe/vt/vtti/aria_ros_ws/install/aria_vtti_interfaces/share/aria_vtti_interfaces/local_setup.zsh
[5.140s] -- Installing: /home/joe/vt/vtti/aria_ros_ws/install/aria_vtti_interfaces/share/aria_vtti_interfaces/local_setup.dsv
[5.140s] -- Installing: /home/joe/vt/vtti/aria_ros_ws/install/aria_vtti_interfaces/share/aria_vtti_interfaces/package.dsv
[5.140s] -- Installing: /home/joe/vt/vtti/aria_ros_ws/install/aria_vtti_interfaces/share/ament_index/resource_index/packages/aria_vtti_interfaces
[5.141s] -- Installing: /home/joe/vt/vtti/aria_ros_ws/install/aria_vtti_interfaces/share/aria_vtti_interfaces/cmake/export_aria_vtti_interfaces__rosidl_generator_cExport.cmake
[5.141s] -- Installing: /home/joe/vt/vtti/aria_ros_ws/install/aria_vtti_interfaces/share/aria_vtti_interfaces/cmake/export_aria_vtti_interfaces__rosidl_generator_cExport-noconfig.cmake
[5.141s] -- Installing: /home/joe/vt/vtti/aria_ros_ws/install/aria_vtti_interfaces/share/aria_vtti_interfaces/cmake/export_aria_vtti_interfaces__rosidl_typesupport_fastrtps_cExport.cmake
[5.141s] -- Installing: /home/joe/vt/vtti/aria_ros_ws/install/aria_vtti_interfaces/share/aria_vtti_interfaces/cmake/export_aria_vtti_interfaces__rosidl_typesupport_fastrtps_cExport-noconfig.cmake
[5.141s] -- Installing: /home/joe/vt/vtti/aria_ros_ws/install/aria_vtti_interfaces/share/aria_vtti_interfaces/cmake/aria_vtti_interfaces__rosidl_typesupport_introspection_cExport.cmake
[5.141s] -- Installing: /home/joe/vt/vtti/aria_ros_ws/install/aria_vtti_interfaces/share/aria_vtti_interfaces/cmake/aria_vtti_interfaces__rosidl_typesupport_introspection_cExport-noconfig.cmake
[5.141s] -- Installing: /home/joe/vt/vtti/aria_ros_ws/install/aria_vtti_interfaces/share/aria_vtti_interfaces/cmake/aria_vtti_interfaces__rosidl_typesupport_cExport.cmake
[5.142s] -- Installing: /home/joe/vt/vtti/aria_ros_ws/install/aria_vtti_interfaces/share/aria_vtti_interfaces/cmake/aria_vtti_interfaces__rosidl_typesupport_cExport-noconfig.cmake
[5.142s] -- Installing: /home/joe/vt/vtti/aria_ros_ws/install/aria_vtti_interfaces/share/aria_vtti_interfaces/cmake/export_aria_vtti_interfaces__rosidl_generator_cppExport.cmake
[5.142s] -- Installing: /home/joe/vt/vtti/aria_ros_ws/install/aria_vtti_interfaces/share/aria_vtti_interfaces/cmake/export_aria_vtti_interfaces__rosidl_typesupport_fastrtps_cppExport.cmake
[5.142s] -- Installing: /home/joe/vt/vtti/aria_ros_ws/install/aria_vtti_interfaces/share/aria_vtti_interfaces/cmake/export_aria_vtti_interfaces__rosidl_typesupport_fastrtps_cppExport-noconfig.cmake
[5.142s] -- Installing: /home/joe/vt/vtti/aria_ros_ws/install/aria_vtti_interfaces/share/aria_vtti_interfaces/cmake/aria_vtti_interfaces__rosidl_typesupport_introspection_cppExport.cmake
[5.142s] -- Installing: /home/joe/vt/vtti/aria_ros_ws/install/aria_vtti_interfaces/share/aria_vtti_interfaces/cmake/aria_vtti_interfaces__rosidl_typesupport_introspection_cppExport-noconfig.cmake
[5.142s] -- Installing: /home/joe/vt/vtti/aria_ros_ws/install/aria_vtti_interfaces/share/aria_vtti_interfaces/cmake/aria_vtti_interfaces__rosidl_typesupport_cppExport.cmake
[5.142s] -- Installing: /home/joe/vt/vtti/aria_ros_ws/install/aria_vtti_interfaces/share/aria_vtti_interfaces/cmake/aria_vtti_interfaces__rosidl_typesupport_cppExport-noconfig.cmake
[5.142s] -- Installing: /home/joe/vt/vtti/aria_ros_ws/install/aria_vtti_interfaces/share/aria_vtti_interfaces/cmake/export_aria_vtti_interfaces__rosidl_generator_pyExport.cmake
[5.142s] -- Installing: /home/joe/vt/vtti/aria_ros_ws/install/aria_vtti_interfaces/share/aria_vtti_interfaces/cmake/export_aria_vtti_interfaces__rosidl_generator_pyExport-noconfig.cmake
[5.143s] -- Installing: /home/joe/vt/vtti/aria_ros_ws/install/aria_vtti_interfaces/share/aria_vtti_interfaces/cmake/rosidl_cmake-extras.cmake
[5.143s] -- Installing: /home/joe/vt/vtti/aria_ros_ws/install/aria_vtti_interfaces/share/aria_vtti_interfaces/cmake/ament_cmake_export_include_directories-extras.cmake
[5.143s] -- Installing: /home/joe/vt/vtti/aria_ros_ws/install/aria_vtti_interfaces/share/aria_vtti_interfaces/cmake/ament_cmake_export_libraries-extras.cmake
[5.143s] -- Installing: /home/joe/vt/vtti/aria_ros_ws/install/aria_vtti_interfaces/share/aria_vtti_interfaces/cmake/ament_cmake_export_targets-extras.cmake
[5.143s] -- Installing: /home/joe/vt/vtti/aria_ros_ws/install/aria_vtti_interfaces/share/aria_vtti_interfaces/cmake/rosidl_cmake_export_typesupport_targets-extras.cmake
[5.143s] -- Installing: /home/joe/vt/vtti/aria_ros_ws/install/aria_vtti_interfaces/share/aria_vtti_interfaces/cmake/ament_cmake_export_dependencies-extras.cmake
[5.143s] -- Installing: /home/joe/vt/vtti/aria_ros_ws/install/aria_vtti_interfaces/share/aria_vtti_interfaces/cmake/rosidl_cmake_export_typesupport_libraries-extras.cmake
[5.143s] -- Installing: /home/joe/vt/vtti/aria_ros_ws/install/aria_vtti_interfaces/share/aria_vtti_interfaces/cmake/aria_vtti_interfacesConfig.cmake
[5.143s] -- Installing: /home/joe/vt/vtti/aria_ros_ws/install/aria_vtti_interfaces/share/aria_vtti_interfaces/cmake/aria_vtti_interfacesConfig-version.cmake
[5.144s] -- Installing: /home/joe/vt/vtti/aria_ros_ws/install/aria_vtti_interfaces/share/aria_vtti_interfaces/package.xml
[5.146s] Invoked command in '/home/joe/vt/vtti/aria_ros_ws/build/aria_vtti_interfaces' returned '0': CMAKE_PREFIX_PATH=/opt/ros/humble /usr/bin/cmake --install /home/joe/vt/vtti/aria_ros_ws/build/aria_vtti_interfaces
