[0.478s] Invoking command in '/home/joe/vt/vtti/aria_ros_ws/src/aria_localization': PYTHONPATH=/home/joe/vt/vtti/aria_ros_ws/build/aria_localization/prefix_override:/usr/lib/python3/dist-packages/colcon_core/task/python/colcon_distutils_commands:/home/joe/vt/vtti/aria_ros_ws/install/aria_localization/lib/python3.10/site-packages:${PYTHONPATH} /usr/bin/python3 -W ignore:setup.py install is deprecated setup.py egg_info --egg-base ../../build/aria_localization build --build-base /home/joe/vt/vtti/aria_ros_ws/build/aria_localization/build install --record /home/joe/vt/vtti/aria_ros_ws/build/aria_localization/install.log --single-version-externally-managed install_data
[0.656s] running egg_info
[0.657s] writing ../../build/aria_localization/aria_localization.egg-info/PKG-INFO
[0.657s] writing dependency_links to ../../build/aria_localization/aria_localization.egg-info/dependency_links.txt
[0.657s] writing entry points to ../../build/aria_localization/aria_localization.egg-info/entry_points.txt
[0.657s] writing requirements to ../../build/aria_localization/aria_localization.egg-info/requires.txt
[0.657s] writing top-level names to ../../build/aria_localization/aria_localization.egg-info/top_level.txt
[0.658s] reading manifest file '../../build/aria_localization/aria_localization.egg-info/SOURCES.txt'
[0.659s] writing manifest file '../../build/aria_localization/aria_localization.egg-info/SOURCES.txt'
[0.659s] running build
[0.659s] running build_py
[0.659s] copying aria_localization/playback_server.py -> /home/joe/vt/vtti/aria_ros_ws/build/aria_localization/build/lib/aria_localization
[0.659s] running install
[0.659s] running install_lib
[0.660s] copying /home/joe/vt/vtti/aria_ros_ws/build/aria_localization/build/lib/aria_localization/playback_server.py -> /home/joe/vt/vtti/aria_ros_ws/install/aria_localization/lib/python3.10/site-packages/aria_localization
[0.661s] byte-compiling /home/joe/vt/vtti/aria_ros_ws/install/aria_localization/lib/python3.10/site-packages/aria_localization/playback_server.py to playback_server.cpython-310.pyc
[0.661s] running install_data
[0.661s] running install_egg_info
[0.662s] removing '/home/joe/vt/vtti/aria_ros_ws/install/aria_localization/lib/python3.10/site-packages/aria_localization-0.0.0-py3.10.egg-info' (and everything under it)
[0.663s] Copying ../../build/aria_localization/aria_localization.egg-info to /home/joe/vt/vtti/aria_ros_ws/install/aria_localization/lib/python3.10/site-packages/aria_localization-0.0.0-py3.10.egg-info
[0.663s] running install_scripts
[0.677s] Installing playback_server script to /home/joe/vt/vtti/aria_ros_ws/install/aria_localization/lib/aria_localization
[0.677s] writing list of installed files to '/home/joe/vt/vtti/aria_ros_ws/build/aria_localization/install.log'
[0.692s] Invoked command in '/home/joe/vt/vtti/aria_ros_ws/src/aria_localization' returned '0': PYTHONPATH=/home/joe/vt/vtti/aria_ros_ws/build/aria_localization/prefix_override:/usr/lib/python3/dist-packages/colcon_core/task/python/colcon_distutils_commands:/home/joe/vt/vtti/aria_ros_ws/install/aria_localization/lib/python3.10/site-packages:${PYTHONPATH} /usr/bin/python3 -W ignore:setup.py install is deprecated setup.py egg_info --egg-base ../../build/aria_localization build --build-base /home/joe/vt/vtti/aria_ros_ws/build/aria_localization/build install --record /home/joe/vt/vtti/aria_ros_ws/build/aria_localization/install.log --single-version-externally-managed install_data
