[0.011s] Invoking command in '/home/joe/vt/vtti/aria_ros_ws/build/aria_vtti_interfaces': CMAKE_PREFIX_PATH=${CMAKE_PREFIX_PATH}:/home/joe/vt/vtti/aria_ros_ws/install/localization_server:/home/joe/vt/vtti/aria_ros_ws/install/aria_localization:/opt/ros/humble /usr/bin/cmake --build /home/joe/vt/vtti/aria_ros_ws/build/aria_vtti_interfaces -- -j8 -l8
[0.042s] [35m[1mConsolidate compiler generated dependencies of target aria_vtti_interfaces__rosidl_generator_c[0m
[0.049s] [  3%] Built target aria_vtti_interfaces__cpp
[0.050s] [ 12%] Built target aria_vtti_interfaces__rosidl_generator_c
[0.059s] [ 12%] Built target ament_cmake_python_copy_aria_vtti_interfaces
[0.059s] [35m[1mConsolidate compiler generated dependencies of target aria_vtti_interfaces__rosidl_typesupport_fastrtps_cpp[0m
[0.060s] [35m[1mConsolidate compiler generated dependencies of target aria_vtti_interfaces__rosidl_typesupport_cpp[0m
[0.060s] [35m[1mConsolidate compiler generated dependencies of target aria_vtti_interfaces__rosidl_typesupport_introspection_c[0m
[0.060s] [35m[1mConsolidate compiler generated dependencies of target aria_vtti_interfaces__rosidl_typesupport_fastrtps_c[0m
[0.061s] [35m[1mConsolidate compiler generated dependencies of target aria_vtti_interfaces__rosidl_typesupport_introspection_cpp[0m
[0.062s] [35m[1mConsolidate compiler generated dependencies of target aria_vtti_interfaces__rosidl_typesupport_c[0m
[0.073s] [ 32%] Built target aria_vtti_interfaces__rosidl_typesupport_introspection_c
[0.073s] [ 35%] Built target aria_vtti_interfaces__rosidl_typesupport_cpp
[0.074s] [ 51%] Built target aria_vtti_interfaces__rosidl_typesupport_fastrtps_c
[0.075s] [ 41%] Built target aria_vtti_interfaces__rosidl_typesupport_fastrtps_cpp
[0.075s] [ 61%] Built target aria_vtti_interfaces__rosidl_typesupport_c
[0.077s] [ 70%] Built target aria_vtti_interfaces__rosidl_typesupport_introspection_cpp
[0.092s] [ 70%] Built target aria_vtti_interfaces
[0.110s] [ 74%] Built target aria_vtti_interfaces__py
[0.121s] [35m[1mConsolidate compiler generated dependencies of target aria_vtti_interfaces__rosidl_generator_py[0m
[0.133s] [ 80%] Built target aria_vtti_interfaces__rosidl_generator_py
[0.147s] [35m[1mConsolidate compiler generated dependencies of target aria_vtti_interfaces__rosidl_typesupport_c__pyext[0m
[0.147s] [35m[1mConsolidate compiler generated dependencies of target aria_vtti_interfaces__rosidl_typesupport_introspection_c__pyext[0m
[0.147s] [35m[1mConsolidate compiler generated dependencies of target aria_vtti_interfaces__rosidl_typesupport_fastrtps_c__pyext[0m
[0.160s] [ 93%] Built target aria_vtti_interfaces__rosidl_typesupport_fastrtps_c__pyext
[0.160s] [ 93%] Built target aria_vtti_interfaces__rosidl_typesupport_introspection_c__pyext
[0.160s] [100%] Built target aria_vtti_interfaces__rosidl_typesupport_c__pyext
[0.466s] running egg_info
[0.481s] writing aria_vtti_interfaces.egg-info/PKG-INFO
[0.481s] writing dependency_links to aria_vtti_interfaces.egg-info/dependency_links.txt
[0.481s] writing top-level names to aria_vtti_interfaces.egg-info/top_level.txt
[0.526s] reading manifest file 'aria_vtti_interfaces.egg-info/SOURCES.txt'
[0.527s] writing manifest file 'aria_vtti_interfaces.egg-info/SOURCES.txt'
[0.561s] [100%] Built target ament_cmake_python_build_aria_vtti_interfaces_egg
[0.569s] Invoked command in '/home/joe/vt/vtti/aria_ros_ws/build/aria_vtti_interfaces' returned '0': CMAKE_PREFIX_PATH=${CMAKE_PREFIX_PATH}:/home/joe/vt/vtti/aria_ros_ws/install/localization_server:/home/joe/vt/vtti/aria_ros_ws/install/aria_localization:/opt/ros/humble /usr/bin/cmake --build /home/joe/vt/vtti/aria_ros_ws/build/aria_vtti_interfaces -- -j8 -l8
[0.621s] Invoking command in '/home/joe/vt/vtti/aria_ros_ws/build/aria_vtti_interfaces': CMAKE_PREFIX_PATH=${CMAKE_PREFIX_PATH}:/home/joe/vt/vtti/aria_ros_ws/install/localization_server:/home/joe/vt/vtti/aria_ros_ws/install/aria_localization:/opt/ros/humble /usr/bin/cmake --install /home/joe/vt/vtti/aria_ros_ws/build/aria_vtti_interfaces
[0.628s] -- Install configuration: ""
[0.628s] -- Up-to-date: /home/joe/vt/vtti/aria_ros_ws/install/aria_vtti_interfaces/share/ament_index/resource_index/rosidl_interfaces/aria_vtti_interfaces
[0.628s] -- Up-to-date: /home/joe/vt/vtti/aria_ros_ws/install/aria_vtti_interfaces/include/aria_vtti_interfaces/aria_vtti_interfaces
[0.628s] -- Up-to-date: /home/joe/vt/vtti/aria_ros_ws/install/aria_vtti_interfaces/include/aria_vtti_interfaces/aria_vtti_interfaces/srv
[0.628s] -- Up-to-date: /home/joe/vt/vtti/aria_ros_ws/install/aria_vtti_interfaces/include/aria_vtti_interfaces/aria_vtti_interfaces/srv/detail
[0.628s] -- Up-to-date: /home/joe/vt/vtti/aria_ros_ws/install/aria_vtti_interfaces/include/aria_vtti_interfaces/aria_vtti_interfaces/srv/detail/start__struct.h
[0.629s] -- Up-to-date: /home/joe/vt/vtti/aria_ros_ws/install/aria_vtti_interfaces/include/aria_vtti_interfaces/aria_vtti_interfaces/srv/detail/start__type_support.h
[0.629s] -- Up-to-date: /home/joe/vt/vtti/aria_ros_ws/install/aria_vtti_interfaces/include/aria_vtti_interfaces/aria_vtti_interfaces/srv/detail/start__functions.h
[0.629s] -- Up-to-date: /home/joe/vt/vtti/aria_ros_ws/install/aria_vtti_interfaces/include/aria_vtti_interfaces/aria_vtti_interfaces/srv/detail/start__functions.c
[0.629s] -- Up-to-date: /home/joe/vt/vtti/aria_ros_ws/install/aria_vtti_interfaces/include/aria_vtti_interfaces/aria_vtti_interfaces/srv/start.h
[0.629s] -- Up-to-date: /home/joe/vt/vtti/aria_ros_ws/install/aria_vtti_interfaces/include/aria_vtti_interfaces/aria_vtti_interfaces/msg
[0.629s] -- Up-to-date: /home/joe/vt/vtti/aria_ros_ws/install/aria_vtti_interfaces/include/aria_vtti_interfaces/aria_vtti_interfaces/msg/rosidl_generator_c__visibility_control.h
[0.629s] -- Up-to-date: /home/joe/vt/vtti/aria_ros_ws/install/aria_vtti_interfaces/share/aria_vtti_interfaces/environment/library_path.sh
[0.629s] -- Up-to-date: /home/joe/vt/vtti/aria_ros_ws/install/aria_vtti_interfaces/share/aria_vtti_interfaces/environment/library_path.dsv
[0.629s] -- Up-to-date: /home/joe/vt/vtti/aria_ros_ws/install/aria_vtti_interfaces/lib/libaria_vtti_interfaces__rosidl_generator_c.so
[0.630s] -- Up-to-date: /home/joe/vt/vtti/aria_ros_ws/install/aria_vtti_interfaces/include/aria_vtti_interfaces/aria_vtti_interfaces
[0.630s] -- Up-to-date: /home/joe/vt/vtti/aria_ros_ws/install/aria_vtti_interfaces/include/aria_vtti_interfaces/aria_vtti_interfaces/srv
[0.630s] -- Up-to-date: /home/joe/vt/vtti/aria_ros_ws/install/aria_vtti_interfaces/include/aria_vtti_interfaces/aria_vtti_interfaces/srv/detail
[0.630s] -- Up-to-date: /home/joe/vt/vtti/aria_ros_ws/install/aria_vtti_interfaces/include/aria_vtti_interfaces/aria_vtti_interfaces/srv/detail/start__rosidl_typesupport_fastrtps_c.h
[0.630s] -- Up-to-date: /home/joe/vt/vtti/aria_ros_ws/install/aria_vtti_interfaces/include/aria_vtti_interfaces/aria_vtti_interfaces/msg
[0.630s] -- Up-to-date: /home/joe/vt/vtti/aria_ros_ws/install/aria_vtti_interfaces/include/aria_vtti_interfaces/aria_vtti_interfaces/msg/rosidl_typesupport_fastrtps_c__visibility_control.h
[0.630s] -- Up-to-date: /home/joe/vt/vtti/aria_ros_ws/install/aria_vtti_interfaces/lib/libaria_vtti_interfaces__rosidl_typesupport_fastrtps_c.so
[0.630s] -- Up-to-date: /home/joe/vt/vtti/aria_ros_ws/install/aria_vtti_interfaces/include/aria_vtti_interfaces/aria_vtti_interfaces
[0.630s] -- Up-to-date: /home/joe/vt/vtti/aria_ros_ws/install/aria_vtti_interfaces/include/aria_vtti_interfaces/aria_vtti_interfaces/srv
[0.631s] -- Up-to-date: /home/joe/vt/vtti/aria_ros_ws/install/aria_vtti_interfaces/include/aria_vtti_interfaces/aria_vtti_interfaces/srv/detail
[0.631s] -- Up-to-date: /home/joe/vt/vtti/aria_ros_ws/install/aria_vtti_interfaces/include/aria_vtti_interfaces/aria_vtti_interfaces/srv/detail/start__type_support.c
[0.631s] -- Up-to-date: /home/joe/vt/vtti/aria_ros_ws/install/aria_vtti_interfaces/include/aria_vtti_interfaces/aria_vtti_interfaces/srv/detail/start__rosidl_typesupport_introspection_c.h
[0.631s] -- Up-to-date: /home/joe/vt/vtti/aria_ros_ws/install/aria_vtti_interfaces/include/aria_vtti_interfaces/aria_vtti_interfaces/msg
[0.631s] -- Up-to-date: /home/joe/vt/vtti/aria_ros_ws/install/aria_vtti_interfaces/include/aria_vtti_interfaces/aria_vtti_interfaces/msg/rosidl_typesupport_introspection_c__visibility_control.h
[0.631s] -- Up-to-date: /home/joe/vt/vtti/aria_ros_ws/install/aria_vtti_interfaces/lib/libaria_vtti_interfaces__rosidl_typesupport_introspection_c.so
[0.631s] -- Up-to-date: /home/joe/vt/vtti/aria_ros_ws/install/aria_vtti_interfaces/lib/libaria_vtti_interfaces__rosidl_typesupport_c.so
[0.631s] -- Up-to-date: /home/joe/vt/vtti/aria_ros_ws/install/aria_vtti_interfaces/include/aria_vtti_interfaces/aria_vtti_interfaces
[0.631s] -- Up-to-date: /home/joe/vt/vtti/aria_ros_ws/install/aria_vtti_interfaces/include/aria_vtti_interfaces/aria_vtti_interfaces/srv
[0.631s] -- Up-to-date: /home/joe/vt/vtti/aria_ros_ws/install/aria_vtti_interfaces/include/aria_vtti_interfaces/aria_vtti_interfaces/srv/detail
[0.631s] -- Up-to-date: /home/joe/vt/vtti/aria_ros_ws/install/aria_vtti_interfaces/include/aria_vtti_interfaces/aria_vtti_interfaces/srv/detail/start__struct.hpp
[0.632s] -- Up-to-date: /home/joe/vt/vtti/aria_ros_ws/install/aria_vtti_interfaces/include/aria_vtti_interfaces/aria_vtti_interfaces/srv/detail/start__traits.hpp
[0.632s] -- Up-to-date: /home/joe/vt/vtti/aria_ros_ws/install/aria_vtti_interfaces/include/aria_vtti_interfaces/aria_vtti_interfaces/srv/detail/start__builder.hpp
[0.632s] -- Up-to-date: /home/joe/vt/vtti/aria_ros_ws/install/aria_vtti_interfaces/include/aria_vtti_interfaces/aria_vtti_interfaces/srv/start.hpp
[0.632s] -- Up-to-date: /home/joe/vt/vtti/aria_ros_ws/install/aria_vtti_interfaces/include/aria_vtti_interfaces/aria_vtti_interfaces
[0.632s] -- Up-to-date: /home/joe/vt/vtti/aria_ros_ws/install/aria_vtti_interfaces/include/aria_vtti_interfaces/aria_vtti_interfaces/srv
[0.632s] -- Up-to-date: /home/joe/vt/vtti/aria_ros_ws/install/aria_vtti_interfaces/include/aria_vtti_interfaces/aria_vtti_interfaces/srv/detail
[0.632s] -- Up-to-date: /home/joe/vt/vtti/aria_ros_ws/install/aria_vtti_interfaces/include/aria_vtti_interfaces/aria_vtti_interfaces/srv/detail/start__rosidl_typesupport_fastrtps_cpp.hpp
[0.632s] -- Up-to-date: /home/joe/vt/vtti/aria_ros_ws/install/aria_vtti_interfaces/include/aria_vtti_interfaces/aria_vtti_interfaces/srv/detail/dds_fastrtps
[0.632s] -- Up-to-date: /home/joe/vt/vtti/aria_ros_ws/install/aria_vtti_interfaces/include/aria_vtti_interfaces/aria_vtti_interfaces/msg
[0.632s] -- Up-to-date: /home/joe/vt/vtti/aria_ros_ws/install/aria_vtti_interfaces/include/aria_vtti_interfaces/aria_vtti_interfaces/msg/rosidl_typesupport_fastrtps_cpp__visibility_control.h
[0.632s] -- Up-to-date: /home/joe/vt/vtti/aria_ros_ws/install/aria_vtti_interfaces/lib/libaria_vtti_interfaces__rosidl_typesupport_fastrtps_cpp.so
[0.633s] -- Up-to-date: /home/joe/vt/vtti/aria_ros_ws/install/aria_vtti_interfaces/include/aria_vtti_interfaces/aria_vtti_interfaces
[0.633s] -- Up-to-date: /home/joe/vt/vtti/aria_ros_ws/install/aria_vtti_interfaces/include/aria_vtti_interfaces/aria_vtti_interfaces/srv
[0.633s] -- Up-to-date: /home/joe/vt/vtti/aria_ros_ws/install/aria_vtti_interfaces/include/aria_vtti_interfaces/aria_vtti_interfaces/srv/detail
[0.633s] -- Up-to-date: /home/joe/vt/vtti/aria_ros_ws/install/aria_vtti_interfaces/include/aria_vtti_interfaces/aria_vtti_interfaces/srv/detail/start__rosidl_typesupport_introspection_cpp.hpp
[0.633s] -- Up-to-date: /home/joe/vt/vtti/aria_ros_ws/install/aria_vtti_interfaces/include/aria_vtti_interfaces/aria_vtti_interfaces/srv/detail/start__type_support.cpp
[0.633s] -- Up-to-date: /home/joe/vt/vtti/aria_ros_ws/install/aria_vtti_interfaces/lib/libaria_vtti_interfaces__rosidl_typesupport_introspection_cpp.so
[0.633s] -- Up-to-date: /home/joe/vt/vtti/aria_ros_ws/install/aria_vtti_interfaces/lib/libaria_vtti_interfaces__rosidl_typesupport_cpp.so
[0.633s] -- Up-to-date: /home/joe/vt/vtti/aria_ros_ws/install/aria_vtti_interfaces/share/aria_vtti_interfaces/environment/pythonpath.sh
[0.633s] -- Up-to-date: /home/joe/vt/vtti/aria_ros_ws/install/aria_vtti_interfaces/share/aria_vtti_interfaces/environment/pythonpath.dsv
[0.633s] -- Up-to-date: /home/joe/vt/vtti/aria_ros_ws/install/aria_vtti_interfaces/lib/python3.10/site-packages/aria_vtti_interfaces-0.0.0-py3.10.egg-info
[0.633s] -- Installing: /home/joe/vt/vtti/aria_ros_ws/install/aria_vtti_interfaces/lib/python3.10/site-packages/aria_vtti_interfaces-0.0.0-py3.10.egg-info/SOURCES.txt
[0.633s] -- Installing: /home/joe/vt/vtti/aria_ros_ws/install/aria_vtti_interfaces/lib/python3.10/site-packages/aria_vtti_interfaces-0.0.0-py3.10.egg-info/dependency_links.txt
[0.633s] -- Installing: /home/joe/vt/vtti/aria_ros_ws/install/aria_vtti_interfaces/lib/python3.10/site-packages/aria_vtti_interfaces-0.0.0-py3.10.egg-info/PKG-INFO
[0.633s] -- Installing: /home/joe/vt/vtti/aria_ros_ws/install/aria_vtti_interfaces/lib/python3.10/site-packages/aria_vtti_interfaces-0.0.0-py3.10.egg-info/top_level.txt
[0.634s] -- Up-to-date: /home/joe/vt/vtti/aria_ros_ws/install/aria_vtti_interfaces/lib/python3.10/site-packages/aria_vtti_interfaces
[0.634s] -- Up-to-date: /home/joe/vt/vtti/aria_ros_ws/install/aria_vtti_interfaces/lib/python3.10/site-packages/aria_vtti_interfaces/srv
[0.634s] -- Up-to-date: /home/joe/vt/vtti/aria_ros_ws/install/aria_vtti_interfaces/lib/python3.10/site-packages/aria_vtti_interfaces/srv/_start_s.c
[0.634s] -- Up-to-date: /home/joe/vt/vtti/aria_ros_ws/install/aria_vtti_interfaces/lib/python3.10/site-packages/aria_vtti_interfaces/srv/_start.py
[0.634s] -- Up-to-date: /home/joe/vt/vtti/aria_ros_ws/install/aria_vtti_interfaces/lib/python3.10/site-packages/aria_vtti_interfaces/srv/__init__.py
[0.634s] -- Up-to-date: /home/joe/vt/vtti/aria_ros_ws/install/aria_vtti_interfaces/lib/python3.10/site-packages/aria_vtti_interfaces/_aria_vtti_interfaces_s.ep.rosidl_typesupport_c.c
[0.634s] -- Up-to-date: /home/joe/vt/vtti/aria_ros_ws/install/aria_vtti_interfaces/lib/python3.10/site-packages/aria_vtti_interfaces/_aria_vtti_interfaces_s.ep.rosidl_typesupport_fastrtps_c.c
[0.634s] -- Up-to-date: /home/joe/vt/vtti/aria_ros_ws/install/aria_vtti_interfaces/lib/python3.10/site-packages/aria_vtti_interfaces/libaria_vtti_interfaces__rosidl_generator_py.so
[0.634s] -- Up-to-date: /home/joe/vt/vtti/aria_ros_ws/install/aria_vtti_interfaces/lib/python3.10/site-packages/aria_vtti_interfaces/__init__.py
[0.634s] -- Up-to-date: /home/joe/vt/vtti/aria_ros_ws/install/aria_vtti_interfaces/lib/python3.10/site-packages/aria_vtti_interfaces/aria_vtti_interfaces_s__rosidl_typesupport_c.cpython-310-x86_64-linux-gnu.so
[0.634s] -- Up-to-date: /home/joe/vt/vtti/aria_ros_ws/install/aria_vtti_interfaces/lib/python3.10/site-packages/aria_vtti_interfaces/aria_vtti_interfaces_s__rosidl_typesupport_fastrtps_c.cpython-310-x86_64-linux-gnu.so
[0.634s] -- Up-to-date: /home/joe/vt/vtti/aria_ros_ws/install/aria_vtti_interfaces/lib/python3.10/site-packages/aria_vtti_interfaces/_aria_vtti_interfaces_s.ep.rosidl_typesupport_introspection_c.c
[0.634s] -- Up-to-date: /home/joe/vt/vtti/aria_ros_ws/install/aria_vtti_interfaces/lib/python3.10/site-packages/aria_vtti_interfaces/aria_vtti_interfaces_s__rosidl_typesupport_introspection_c.cpython-310-x86_64-linux-gnu.so
[0.714s] Listing '/home/joe/vt/vtti/aria_ros_ws/install/aria_vtti_interfaces/lib/python3.10/site-packages/aria_vtti_interfaces'...
[0.714s] Listing '/home/joe/vt/vtti/aria_ros_ws/install/aria_vtti_interfaces/lib/python3.10/site-packages/aria_vtti_interfaces/srv'...
[0.718s] -- Up-to-date: /home/joe/vt/vtti/aria_ros_ws/install/aria_vtti_interfaces/lib/python3.10/site-packages/aria_vtti_interfaces/aria_vtti_interfaces_s__rosidl_typesupport_fastrtps_c.cpython-310-x86_64-linux-gnu.so
[0.718s] -- Up-to-date: /home/joe/vt/vtti/aria_ros_ws/install/aria_vtti_interfaces/lib/python3.10/site-packages/aria_vtti_interfaces/aria_vtti_interfaces_s__rosidl_typesupport_introspection_c.cpython-310-x86_64-linux-gnu.so
[0.718s] -- Up-to-date: /home/joe/vt/vtti/aria_ros_ws/install/aria_vtti_interfaces/lib/python3.10/site-packages/aria_vtti_interfaces/aria_vtti_interfaces_s__rosidl_typesupport_c.cpython-310-x86_64-linux-gnu.so
[0.718s] -- Up-to-date: /home/joe/vt/vtti/aria_ros_ws/install/aria_vtti_interfaces/lib/libaria_vtti_interfaces__rosidl_generator_py.so
[0.719s] -- Up-to-date: /home/joe/vt/vtti/aria_ros_ws/install/aria_vtti_interfaces/share/aria_vtti_interfaces/srv/Start.idl
[0.719s] -- Up-to-date: /home/joe/vt/vtti/aria_ros_ws/install/aria_vtti_interfaces/share/aria_vtti_interfaces/srv/Start.srv
[0.719s] -- Up-to-date: /home/joe/vt/vtti/aria_ros_ws/install/aria_vtti_interfaces/share/aria_vtti_interfaces/srv/Start_Request.msg
[0.719s] -- Up-to-date: /home/joe/vt/vtti/aria_ros_ws/install/aria_vtti_interfaces/share/aria_vtti_interfaces/srv/Start_Response.msg
[0.719s] -- Up-to-date: /home/joe/vt/vtti/aria_ros_ws/install/aria_vtti_interfaces/share/ament_index/resource_index/package_run_dependencies/aria_vtti_interfaces
[0.719s] -- Up-to-date: /home/joe/vt/vtti/aria_ros_ws/install/aria_vtti_interfaces/share/ament_index/resource_index/parent_prefix_path/aria_vtti_interfaces
[0.719s] -- Up-to-date: /home/joe/vt/vtti/aria_ros_ws/install/aria_vtti_interfaces/share/aria_vtti_interfaces/environment/ament_prefix_path.sh
[0.719s] -- Up-to-date: /home/joe/vt/vtti/aria_ros_ws/install/aria_vtti_interfaces/share/aria_vtti_interfaces/environment/ament_prefix_path.dsv
[0.719s] -- Up-to-date: /home/joe/vt/vtti/aria_ros_ws/install/aria_vtti_interfaces/share/aria_vtti_interfaces/environment/path.sh
[0.719s] -- Up-to-date: /home/joe/vt/vtti/aria_ros_ws/install/aria_vtti_interfaces/share/aria_vtti_interfaces/environment/path.dsv
[0.719s] -- Up-to-date: /home/joe/vt/vtti/aria_ros_ws/install/aria_vtti_interfaces/share/aria_vtti_interfaces/local_setup.bash
[0.719s] -- Up-to-date: /home/joe/vt/vtti/aria_ros_ws/install/aria_vtti_interfaces/share/aria_vtti_interfaces/local_setup.sh
[0.719s] -- Up-to-date: /home/joe/vt/vtti/aria_ros_ws/install/aria_vtti_interfaces/share/aria_vtti_interfaces/local_setup.zsh
[0.719s] -- Up-to-date: /home/joe/vt/vtti/aria_ros_ws/install/aria_vtti_interfaces/share/aria_vtti_interfaces/local_setup.dsv
[0.719s] -- Installing: /home/joe/vt/vtti/aria_ros_ws/install/aria_vtti_interfaces/share/aria_vtti_interfaces/package.dsv
[0.719s] -- Up-to-date: /home/joe/vt/vtti/aria_ros_ws/install/aria_vtti_interfaces/share/ament_index/resource_index/packages/aria_vtti_interfaces
[0.719s] -- Up-to-date: /home/joe/vt/vtti/aria_ros_ws/install/aria_vtti_interfaces/share/aria_vtti_interfaces/cmake/export_aria_vtti_interfaces__rosidl_generator_cExport.cmake
[0.720s] -- Up-to-date: /home/joe/vt/vtti/aria_ros_ws/install/aria_vtti_interfaces/share/aria_vtti_interfaces/cmake/export_aria_vtti_interfaces__rosidl_generator_cExport-noconfig.cmake
[0.720s] -- Up-to-date: /home/joe/vt/vtti/aria_ros_ws/install/aria_vtti_interfaces/share/aria_vtti_interfaces/cmake/export_aria_vtti_interfaces__rosidl_typesupport_fastrtps_cExport.cmake
[0.720s] -- Up-to-date: /home/joe/vt/vtti/aria_ros_ws/install/aria_vtti_interfaces/share/aria_vtti_interfaces/cmake/export_aria_vtti_interfaces__rosidl_typesupport_fastrtps_cExport-noconfig.cmake
[0.720s] -- Up-to-date: /home/joe/vt/vtti/aria_ros_ws/install/aria_vtti_interfaces/share/aria_vtti_interfaces/cmake/aria_vtti_interfaces__rosidl_typesupport_introspection_cExport.cmake
[0.720s] -- Up-to-date: /home/joe/vt/vtti/aria_ros_ws/install/aria_vtti_interfaces/share/aria_vtti_interfaces/cmake/aria_vtti_interfaces__rosidl_typesupport_introspection_cExport-noconfig.cmake
[0.720s] -- Up-to-date: /home/joe/vt/vtti/aria_ros_ws/install/aria_vtti_interfaces/share/aria_vtti_interfaces/cmake/aria_vtti_interfaces__rosidl_typesupport_cExport.cmake
[0.720s] -- Up-to-date: /home/joe/vt/vtti/aria_ros_ws/install/aria_vtti_interfaces/share/aria_vtti_interfaces/cmake/aria_vtti_interfaces__rosidl_typesupport_cExport-noconfig.cmake
[0.720s] -- Up-to-date: /home/joe/vt/vtti/aria_ros_ws/install/aria_vtti_interfaces/share/aria_vtti_interfaces/cmake/export_aria_vtti_interfaces__rosidl_generator_cppExport.cmake
[0.720s] -- Up-to-date: /home/joe/vt/vtti/aria_ros_ws/install/aria_vtti_interfaces/share/aria_vtti_interfaces/cmake/export_aria_vtti_interfaces__rosidl_typesupport_fastrtps_cppExport.cmake
[0.720s] -- Up-to-date: /home/joe/vt/vtti/aria_ros_ws/install/aria_vtti_interfaces/share/aria_vtti_interfaces/cmake/export_aria_vtti_interfaces__rosidl_typesupport_fastrtps_cppExport-noconfig.cmake
[0.720s] -- Up-to-date: /home/joe/vt/vtti/aria_ros_ws/install/aria_vtti_interfaces/share/aria_vtti_interfaces/cmake/aria_vtti_interfaces__rosidl_typesupport_introspection_cppExport.cmake
[0.720s] -- Up-to-date: /home/joe/vt/vtti/aria_ros_ws/install/aria_vtti_interfaces/share/aria_vtti_interfaces/cmake/aria_vtti_interfaces__rosidl_typesupport_introspection_cppExport-noconfig.cmake
[0.720s] -- Up-to-date: /home/joe/vt/vtti/aria_ros_ws/install/aria_vtti_interfaces/share/aria_vtti_interfaces/cmake/aria_vtti_interfaces__rosidl_typesupport_cppExport.cmake
[0.720s] -- Up-to-date: /home/joe/vt/vtti/aria_ros_ws/install/aria_vtti_interfaces/share/aria_vtti_interfaces/cmake/aria_vtti_interfaces__rosidl_typesupport_cppExport-noconfig.cmake
[0.720s] -- Up-to-date: /home/joe/vt/vtti/aria_ros_ws/install/aria_vtti_interfaces/share/aria_vtti_interfaces/cmake/export_aria_vtti_interfaces__rosidl_generator_pyExport.cmake
[0.720s] -- Up-to-date: /home/joe/vt/vtti/aria_ros_ws/install/aria_vtti_interfaces/share/aria_vtti_interfaces/cmake/export_aria_vtti_interfaces__rosidl_generator_pyExport-noconfig.cmake
[0.720s] -- Up-to-date: /home/joe/vt/vtti/aria_ros_ws/install/aria_vtti_interfaces/share/aria_vtti_interfaces/cmake/rosidl_cmake-extras.cmake
[0.720s] -- Up-to-date: /home/joe/vt/vtti/aria_ros_ws/install/aria_vtti_interfaces/share/aria_vtti_interfaces/cmake/ament_cmake_export_include_directories-extras.cmake
[0.720s] -- Up-to-date: /home/joe/vt/vtti/aria_ros_ws/install/aria_vtti_interfaces/share/aria_vtti_interfaces/cmake/ament_cmake_export_libraries-extras.cmake
[0.720s] -- Up-to-date: /home/joe/vt/vtti/aria_ros_ws/install/aria_vtti_interfaces/share/aria_vtti_interfaces/cmake/ament_cmake_export_targets-extras.cmake
[0.720s] -- Up-to-date: /home/joe/vt/vtti/aria_ros_ws/install/aria_vtti_interfaces/share/aria_vtti_interfaces/cmake/rosidl_cmake_export_typesupport_targets-extras.cmake
[0.720s] -- Up-to-date: /home/joe/vt/vtti/aria_ros_ws/install/aria_vtti_interfaces/share/aria_vtti_interfaces/cmake/ament_cmake_export_dependencies-extras.cmake
[0.721s] -- Up-to-date: /home/joe/vt/vtti/aria_ros_ws/install/aria_vtti_interfaces/share/aria_vtti_interfaces/cmake/rosidl_cmake_export_typesupport_libraries-extras.cmake
[0.721s] -- Up-to-date: /home/joe/vt/vtti/aria_ros_ws/install/aria_vtti_interfaces/share/aria_vtti_interfaces/cmake/aria_vtti_interfacesConfig.cmake
[0.721s] -- Up-to-date: /home/joe/vt/vtti/aria_ros_ws/install/aria_vtti_interfaces/share/aria_vtti_interfaces/cmake/aria_vtti_interfacesConfig-version.cmake
[0.721s] -- Up-to-date: /home/joe/vt/vtti/aria_ros_ws/install/aria_vtti_interfaces/share/aria_vtti_interfaces/package.xml
[0.722s] Invoked command in '/home/joe/vt/vtti/aria_ros_ws/build/aria_vtti_interfaces' returned '0': CMAKE_PREFIX_PATH=${CMAKE_PREFIX_PATH}:/home/joe/vt/vtti/aria_ros_ws/install/localization_server:/home/joe/vt/vtti/aria_ros_ws/install/aria_localization:/opt/ros/humble /usr/bin/cmake --install /home/joe/vt/vtti/aria_ros_ws/build/aria_vtti_interfaces
