-- The C compiler identification is GNU 11.4.0
-- The CXX compiler identification is GNU 11.4.0
-- Detecting C compiler ABI info
-- Detecting C compiler ABI info - done
-- Check for working C compiler: /usr/bin/cc - skipped
-- Detecting C compile features
-- Detecting C compile features - done
-- Detecting CXX compiler ABI info
-- Detecting CXX compiler ABI info - done
-- Check for working CXX compiler: /usr/bin/c++ - skipped
-- Detecting CXX compile features
-- Detecting CXX compile features - done
-- Found ament_cmake: 1.3.10 (/opt/ros/humble/share/ament_cmake/cmake)
-- Found Python3: /home/joe/.pyenv/shims/python3 (found version "3.10.16") found components: Interpreter 
-- Found rosidl_default_generators: 1.2.0 (/opt/ros/humble/share/rosidl_default_generators/cmake)
-- Using all available rosidl_typesupport_c: rosidl_typesupport_fastrtps_c;rosidl_typesupport_introspection_c
-- Found rosidl_adapter: 3.1.5 (/opt/ros/humble/share/rosidl_adapter/cmake)
-- Using all available rosidl_typesupport_cpp: rosidl_typesupport_fastrtps_cpp;rosidl_typesupport_introspection_cpp
-- Found ament_cmake_ros: 0.10.0 (/opt/ros/humble/share/ament_cmake_ros/cmake)
-- Using all available rosidl_typesupport_c: rosidl_typesupport_fastrtps_c;rosidl_typesupport_introspection_c
-- Using all available rosidl_typesupport_cpp: rosidl_typesupport_fastrtps_cpp;rosidl_typesupport_introspection_cpp
-- Found PythonInterp: /home/joe/.pyenv/shims/python3 (found suitable version "3.10.16", minimum required is "3.6") 
-- Found python_cmake_module: 0.10.0 (/opt/ros/humble/share/python_cmake_module/cmake)
-- Found PythonLibs: /usr/lib/x86_64-linux-gnu/libpython3.10.so (found suitable version "3.10.12", minimum required is "3.5") 
-- Using PYTHON_EXECUTABLE: /home/joe/.pyenv/shims/python3
-- Using PYTHON_INCLUDE_DIRS: /usr/include/python3.10
-- Using PYTHON_LIBRARIES: /usr/lib/x86_64-linux-gnu/libpython3.10.so
-- Found PythonExtra: .so  
-- Found ament_lint_auto: 0.12.11 (/opt/ros/humble/share/ament_lint_auto/cmake)
-- Added test 'lint_cmake' to check CMake code style
-- Added test 'xmllint' to check XML markup files
-- Configuring done
-- Generating done
-- Build files have been written to: /home/joe/vt/vtti/aria_ros_ws/build/aria_vtti_interfaces
[  3%] [34m[1mGenerating C code for ROS interfaces[0m
[  6%] [34m[1mGenerating C++ code for ROS interfaces[0m
[  6%] Built target ament_cmake_python_copy_aria_vtti_interfaces
[  6%] Built target aria_vtti_interfaces__cpp
[ 12%] [34m[1mGenerating C++ type support dispatch for ROS interfaces[0m
[ 12%] [32mBuilding C object CMakeFiles/aria_vtti_interfaces__rosidl_generator_c.dir/rosidl_generator_c/aria_vtti_interfaces/srv/detail/start__functions.c.o[0m
[ 16%] [34m[1mGenerating C++ type support for eProsima Fast-RTPS[0m
[ 19%] [34m[1mGenerating C++ introspection for ROS interfaces[0m
[ 22%] [32m[1mLinking C shared library libaria_vtti_interfaces__rosidl_generator_c.so[0m
[ 22%] Built target aria_vtti_interfaces__rosidl_generator_c
running egg_info
creating aria_vtti_interfaces.egg-info
[ 25%] [34m[1mGenerating C type support for eProsima Fast-RTPS[0m
[ 29%] [34m[1mGenerating C introspection for ROS interfaces[0m
[ 32%] [34m[1mGenerating C type support dispatch for ROS interfaces[0m
writing aria_vtti_interfaces.egg-info/PKG-INFO
writing dependency_links to aria_vtti_interfaces.egg-info/dependency_links.txt
writing top-level names to aria_vtti_interfaces.egg-info/top_level.txt
writing manifest file 'aria_vtti_interfaces.egg-info/SOURCES.txt'
reading manifest file 'aria_vtti_interfaces.egg-info/SOURCES.txt'
writing manifest file 'aria_vtti_interfaces.egg-info/SOURCES.txt'
[ 32%] Built target ament_cmake_python_build_aria_vtti_interfaces_egg
[ 35%] [32mBuilding CXX object CMakeFiles/aria_vtti_interfaces__rosidl_typesupport_c.dir/rosidl_typesupport_c/aria_vtti_interfaces/srv/start__type_support.cpp.o[0m
[ 38%] [32m[1mLinking CXX shared library libaria_vtti_interfaces__rosidl_typesupport_c.so[0m
[ 41%] [32mBuilding C object CMakeFiles/aria_vtti_interfaces__rosidl_typesupport_introspection_c.dir/rosidl_typesupport_introspection_c/aria_vtti_interfaces/srv/detail/start__type_support.c.o[0m
[ 41%] Built target aria_vtti_interfaces__rosidl_typesupport_c
[ 45%] [32mBuilding CXX object CMakeFiles/aria_vtti_interfaces__rosidl_typesupport_cpp.dir/rosidl_typesupport_cpp/aria_vtti_interfaces/srv/start__type_support.cpp.o[0m
[ 48%] [32m[1mLinking C shared library libaria_vtti_interfaces__rosidl_typesupport_introspection_c.so[0m
[ 48%] Built target aria_vtti_interfaces__rosidl_typesupport_introspection_c
[ 51%] [32mBuilding CXX object CMakeFiles/aria_vtti_interfaces__rosidl_typesupport_introspection_cpp.dir/rosidl_typesupport_introspection_cpp/aria_vtti_interfaces/srv/detail/start__type_support.cpp.o[0m
[ 54%] [32mBuilding CXX object CMakeFiles/aria_vtti_interfaces__rosidl_typesupport_fastrtps_cpp.dir/rosidl_typesupport_fastrtps_cpp/aria_vtti_interfaces/srv/detail/dds_fastrtps/start__type_support.cpp.o[0m
[ 58%] [32mBuilding CXX object CMakeFiles/aria_vtti_interfaces__rosidl_typesupport_fastrtps_c.dir/rosidl_typesupport_fastrtps_c/aria_vtti_interfaces/srv/detail/start__type_support_c.cpp.o[0m
[ 61%] [32m[1mLinking CXX shared library libaria_vtti_interfaces__rosidl_typesupport_cpp.so[0m
[ 61%] Built target aria_vtti_interfaces__rosidl_typesupport_cpp
[ 64%] [32m[1mLinking CXX shared library libaria_vtti_interfaces__rosidl_typesupport_fastrtps_cpp.so[0m
[ 67%] [32m[1mLinking CXX shared library libaria_vtti_interfaces__rosidl_typesupport_fastrtps_c.so[0m
[ 70%] [32m[1mLinking CXX shared library libaria_vtti_interfaces__rosidl_typesupport_introspection_cpp.so[0m
[ 70%] Built target aria_vtti_interfaces__rosidl_typesupport_introspection_cpp
[ 70%] Built target aria_vtti_interfaces__rosidl_typesupport_fastrtps_cpp
[ 70%] Built target aria_vtti_interfaces__rosidl_typesupport_fastrtps_c
[ 70%] Built target aria_vtti_interfaces
[ 74%] [34m[1mGenerating Python code for ROS interfaces[0m
[ 74%] Built target aria_vtti_interfaces__py
[ 77%] [32mBuilding C object CMakeFiles/aria_vtti_interfaces__rosidl_generator_py.dir/rosidl_generator_py/aria_vtti_interfaces/srv/_start_s.c.o[0m
[ 80%] [32m[1mLinking C shared library rosidl_generator_py/aria_vtti_interfaces/libaria_vtti_interfaces__rosidl_generator_py.so[0m
[ 80%] Built target aria_vtti_interfaces__rosidl_generator_py
[ 83%] [32mBuilding C object CMakeFiles/aria_vtti_interfaces__rosidl_typesupport_introspection_c__pyext.dir/rosidl_generator_py/aria_vtti_interfaces/_aria_vtti_interfaces_s.ep.rosidl_typesupport_introspection_c.c.o[0m
[ 87%] [32mBuilding C object CMakeFiles/aria_vtti_interfaces__rosidl_typesupport_fastrtps_c__pyext.dir/rosidl_generator_py/aria_vtti_interfaces/_aria_vtti_interfaces_s.ep.rosidl_typesupport_fastrtps_c.c.o[0m
[ 90%] [32mBuilding C object CMakeFiles/aria_vtti_interfaces__rosidl_typesupport_c__pyext.dir/rosidl_generator_py/aria_vtti_interfaces/_aria_vtti_interfaces_s.ep.rosidl_typesupport_c.c.o[0m
[ 93%] [32m[1mLinking C shared library rosidl_generator_py/aria_vtti_interfaces/aria_vtti_interfaces_s__rosidl_typesupport_c.cpython-310-x86_64-linux-gnu.so[0m
[ 96%] [32m[1mLinking C shared library rosidl_generator_py/aria_vtti_interfaces/aria_vtti_interfaces_s__rosidl_typesupport_introspection_c.cpython-310-x86_64-linux-gnu.so[0m
[100%] [32m[1mLinking C shared library rosidl_generator_py/aria_vtti_interfaces/aria_vtti_interfaces_s__rosidl_typesupport_fastrtps_c.cpython-310-x86_64-linux-gnu.so[0m
[100%] Built target aria_vtti_interfaces__rosidl_typesupport_introspection_c__pyext
[100%] Built target aria_vtti_interfaces__rosidl_typesupport_c__pyext
[100%] Built target aria_vtti_interfaces__rosidl_typesupport_fastrtps_c__pyext
-- Install configuration: ""
-- Installing: /home/joe/vt/vtti/aria_ros_ws/install/aria_vtti_interfaces/share/ament_index/resource_index/rosidl_interfaces/aria_vtti_interfaces
-- Installing: /home/joe/vt/vtti/aria_ros_ws/install/aria_vtti_interfaces/include/aria_vtti_interfaces/aria_vtti_interfaces
-- Installing: /home/joe/vt/vtti/aria_ros_ws/install/aria_vtti_interfaces/include/aria_vtti_interfaces/aria_vtti_interfaces/srv
-- Installing: /home/joe/vt/vtti/aria_ros_ws/install/aria_vtti_interfaces/include/aria_vtti_interfaces/aria_vtti_interfaces/srv/detail
-- Installing: /home/joe/vt/vtti/aria_ros_ws/install/aria_vtti_interfaces/include/aria_vtti_interfaces/aria_vtti_interfaces/srv/detail/start__struct.h
-- Installing: /home/joe/vt/vtti/aria_ros_ws/install/aria_vtti_interfaces/include/aria_vtti_interfaces/aria_vtti_interfaces/srv/detail/start__type_support.h
-- Installing: /home/joe/vt/vtti/aria_ros_ws/install/aria_vtti_interfaces/include/aria_vtti_interfaces/aria_vtti_interfaces/srv/detail/start__functions.h
-- Installing: /home/joe/vt/vtti/aria_ros_ws/install/aria_vtti_interfaces/include/aria_vtti_interfaces/aria_vtti_interfaces/srv/detail/start__functions.c
-- Installing: /home/joe/vt/vtti/aria_ros_ws/install/aria_vtti_interfaces/include/aria_vtti_interfaces/aria_vtti_interfaces/srv/start.h
-- Installing: /home/joe/vt/vtti/aria_ros_ws/install/aria_vtti_interfaces/include/aria_vtti_interfaces/aria_vtti_interfaces/msg
-- Installing: /home/joe/vt/vtti/aria_ros_ws/install/aria_vtti_interfaces/include/aria_vtti_interfaces/aria_vtti_interfaces/msg/rosidl_generator_c__visibility_control.h
-- Installing: /home/joe/vt/vtti/aria_ros_ws/install/aria_vtti_interfaces/share/aria_vtti_interfaces/environment/library_path.sh
-- Installing: /home/joe/vt/vtti/aria_ros_ws/install/aria_vtti_interfaces/share/aria_vtti_interfaces/environment/library_path.dsv
-- Installing: /home/joe/vt/vtti/aria_ros_ws/install/aria_vtti_interfaces/lib/libaria_vtti_interfaces__rosidl_generator_c.so
-- Set runtime path of "/home/joe/vt/vtti/aria_ros_ws/install/aria_vtti_interfaces/lib/libaria_vtti_interfaces__rosidl_generator_c.so" to ""
-- Up-to-date: /home/joe/vt/vtti/aria_ros_ws/install/aria_vtti_interfaces/include/aria_vtti_interfaces/aria_vtti_interfaces
-- Up-to-date: /home/joe/vt/vtti/aria_ros_ws/install/aria_vtti_interfaces/include/aria_vtti_interfaces/aria_vtti_interfaces/srv
-- Up-to-date: /home/joe/vt/vtti/aria_ros_ws/install/aria_vtti_interfaces/include/aria_vtti_interfaces/aria_vtti_interfaces/srv/detail
-- Installing: /home/joe/vt/vtti/aria_ros_ws/install/aria_vtti_interfaces/include/aria_vtti_interfaces/aria_vtti_interfaces/srv/detail/start__rosidl_typesupport_fastrtps_c.h
-- Up-to-date: /home/joe/vt/vtti/aria_ros_ws/install/aria_vtti_interfaces/include/aria_vtti_interfaces/aria_vtti_interfaces/msg
-- Installing: /home/joe/vt/vtti/aria_ros_ws/install/aria_vtti_interfaces/include/aria_vtti_interfaces/aria_vtti_interfaces/msg/rosidl_typesupport_fastrtps_c__visibility_control.h
-- Installing: /home/joe/vt/vtti/aria_ros_ws/install/aria_vtti_interfaces/lib/libaria_vtti_interfaces__rosidl_typesupport_fastrtps_c.so
-- Set runtime path of "/home/joe/vt/vtti/aria_ros_ws/install/aria_vtti_interfaces/lib/libaria_vtti_interfaces__rosidl_typesupport_fastrtps_c.so" to ""
-- Up-to-date: /home/joe/vt/vtti/aria_ros_ws/install/aria_vtti_interfaces/include/aria_vtti_interfaces/aria_vtti_interfaces
-- Up-to-date: /home/joe/vt/vtti/aria_ros_ws/install/aria_vtti_interfaces/include/aria_vtti_interfaces/aria_vtti_interfaces/srv
-- Up-to-date: /home/joe/vt/vtti/aria_ros_ws/install/aria_vtti_interfaces/include/aria_vtti_interfaces/aria_vtti_interfaces/srv/detail
-- Installing: /home/joe/vt/vtti/aria_ros_ws/install/aria_vtti_interfaces/include/aria_vtti_interfaces/aria_vtti_interfaces/srv/detail/start__type_support.c
-- Installing: /home/joe/vt/vtti/aria_ros_ws/install/aria_vtti_interfaces/include/aria_vtti_interfaces/aria_vtti_interfaces/srv/detail/start__rosidl_typesupport_introspection_c.h
-- Up-to-date: /home/joe/vt/vtti/aria_ros_ws/install/aria_vtti_interfaces/include/aria_vtti_interfaces/aria_vtti_interfaces/msg
-- Installing: /home/joe/vt/vtti/aria_ros_ws/install/aria_vtti_interfaces/include/aria_vtti_interfaces/aria_vtti_interfaces/msg/rosidl_typesupport_introspection_c__visibility_control.h
-- Installing: /home/joe/vt/vtti/aria_ros_ws/install/aria_vtti_interfaces/lib/libaria_vtti_interfaces__rosidl_typesupport_introspection_c.so
-- Set runtime path of "/home/joe/vt/vtti/aria_ros_ws/install/aria_vtti_interfaces/lib/libaria_vtti_interfaces__rosidl_typesupport_introspection_c.so" to ""
-- Installing: /home/joe/vt/vtti/aria_ros_ws/install/aria_vtti_interfaces/lib/libaria_vtti_interfaces__rosidl_typesupport_c.so
-- Set runtime path of "/home/joe/vt/vtti/aria_ros_ws/install/aria_vtti_interfaces/lib/libaria_vtti_interfaces__rosidl_typesupport_c.so" to ""
-- Up-to-date: /home/joe/vt/vtti/aria_ros_ws/install/aria_vtti_interfaces/include/aria_vtti_interfaces/aria_vtti_interfaces
-- Up-to-date: /home/joe/vt/vtti/aria_ros_ws/install/aria_vtti_interfaces/include/aria_vtti_interfaces/aria_vtti_interfaces/srv
-- Up-to-date: /home/joe/vt/vtti/aria_ros_ws/install/aria_vtti_interfaces/include/aria_vtti_interfaces/aria_vtti_interfaces/srv/detail
-- Installing: /home/joe/vt/vtti/aria_ros_ws/install/aria_vtti_interfaces/include/aria_vtti_interfaces/aria_vtti_interfaces/srv/detail/start__struct.hpp
-- Installing: /home/joe/vt/vtti/aria_ros_ws/install/aria_vtti_interfaces/include/aria_vtti_interfaces/aria_vtti_interfaces/srv/detail/start__traits.hpp
-- Installing: /home/joe/vt/vtti/aria_ros_ws/install/aria_vtti_interfaces/include/aria_vtti_interfaces/aria_vtti_interfaces/srv/detail/start__builder.hpp
-- Installing: /home/joe/vt/vtti/aria_ros_ws/install/aria_vtti_interfaces/include/aria_vtti_interfaces/aria_vtti_interfaces/srv/start.hpp
-- Up-to-date: /home/joe/vt/vtti/aria_ros_ws/install/aria_vtti_interfaces/include/aria_vtti_interfaces/aria_vtti_interfaces
-- Up-to-date: /home/joe/vt/vtti/aria_ros_ws/install/aria_vtti_interfaces/include/aria_vtti_interfaces/aria_vtti_interfaces/srv
-- Up-to-date: /home/joe/vt/vtti/aria_ros_ws/install/aria_vtti_interfaces/include/aria_vtti_interfaces/aria_vtti_interfaces/srv/detail
-- Installing: /home/joe/vt/vtti/aria_ros_ws/install/aria_vtti_interfaces/include/aria_vtti_interfaces/aria_vtti_interfaces/srv/detail/start__rosidl_typesupport_fastrtps_cpp.hpp
-- Installing: /home/joe/vt/vtti/aria_ros_ws/install/aria_vtti_interfaces/include/aria_vtti_interfaces/aria_vtti_interfaces/srv/detail/dds_fastrtps
-- Up-to-date: /home/joe/vt/vtti/aria_ros_ws/install/aria_vtti_interfaces/include/aria_vtti_interfaces/aria_vtti_interfaces/msg
-- Installing: /home/joe/vt/vtti/aria_ros_ws/install/aria_vtti_interfaces/include/aria_vtti_interfaces/aria_vtti_interfaces/msg/rosidl_typesupport_fastrtps_cpp__visibility_control.h
-- Installing: /home/joe/vt/vtti/aria_ros_ws/install/aria_vtti_interfaces/lib/libaria_vtti_interfaces__rosidl_typesupport_fastrtps_cpp.so
-- Set runtime path of "/home/joe/vt/vtti/aria_ros_ws/install/aria_vtti_interfaces/lib/libaria_vtti_interfaces__rosidl_typesupport_fastrtps_cpp.so" to ""
-- Up-to-date: /home/joe/vt/vtti/aria_ros_ws/install/aria_vtti_interfaces/include/aria_vtti_interfaces/aria_vtti_interfaces
-- Up-to-date: /home/joe/vt/vtti/aria_ros_ws/install/aria_vtti_interfaces/include/aria_vtti_interfaces/aria_vtti_interfaces/srv
-- Up-to-date: /home/joe/vt/vtti/aria_ros_ws/install/aria_vtti_interfaces/include/aria_vtti_interfaces/aria_vtti_interfaces/srv/detail
-- Installing: /home/joe/vt/vtti/aria_ros_ws/install/aria_vtti_interfaces/include/aria_vtti_interfaces/aria_vtti_interfaces/srv/detail/start__rosidl_typesupport_introspection_cpp.hpp
-- Installing: /home/joe/vt/vtti/aria_ros_ws/install/aria_vtti_interfaces/include/aria_vtti_interfaces/aria_vtti_interfaces/srv/detail/start__type_support.cpp
-- Installing: /home/joe/vt/vtti/aria_ros_ws/install/aria_vtti_interfaces/lib/libaria_vtti_interfaces__rosidl_typesupport_introspection_cpp.so
-- Set runtime path of "/home/joe/vt/vtti/aria_ros_ws/install/aria_vtti_interfaces/lib/libaria_vtti_interfaces__rosidl_typesupport_introspection_cpp.so" to ""
-- Installing: /home/joe/vt/vtti/aria_ros_ws/install/aria_vtti_interfaces/lib/libaria_vtti_interfaces__rosidl_typesupport_cpp.so
-- Set runtime path of "/home/joe/vt/vtti/aria_ros_ws/install/aria_vtti_interfaces/lib/libaria_vtti_interfaces__rosidl_typesupport_cpp.so" to ""
-- Installing: /home/joe/vt/vtti/aria_ros_ws/install/aria_vtti_interfaces/share/aria_vtti_interfaces/environment/pythonpath.sh
-- Installing: /home/joe/vt/vtti/aria_ros_ws/install/aria_vtti_interfaces/share/aria_vtti_interfaces/environment/pythonpath.dsv
-- Installing: /home/joe/vt/vtti/aria_ros_ws/install/aria_vtti_interfaces/lib/python3.10/site-packages/aria_vtti_interfaces-0.0.0-py3.10.egg-info
-- Installing: /home/joe/vt/vtti/aria_ros_ws/install/aria_vtti_interfaces/lib/python3.10/site-packages/aria_vtti_interfaces-0.0.0-py3.10.egg-info/SOURCES.txt
-- Installing: /home/joe/vt/vtti/aria_ros_ws/install/aria_vtti_interfaces/lib/python3.10/site-packages/aria_vtti_interfaces-0.0.0-py3.10.egg-info/dependency_links.txt
-- Installing: /home/joe/vt/vtti/aria_ros_ws/install/aria_vtti_interfaces/lib/python3.10/site-packages/aria_vtti_interfaces-0.0.0-py3.10.egg-info/PKG-INFO
-- Installing: /home/joe/vt/vtti/aria_ros_ws/install/aria_vtti_interfaces/lib/python3.10/site-packages/aria_vtti_interfaces-0.0.0-py3.10.egg-info/top_level.txt
-- Installing: /home/joe/vt/vtti/aria_ros_ws/install/aria_vtti_interfaces/lib/python3.10/site-packages/aria_vtti_interfaces
-- Installing: /home/joe/vt/vtti/aria_ros_ws/install/aria_vtti_interfaces/lib/python3.10/site-packages/aria_vtti_interfaces/srv
-- Installing: /home/joe/vt/vtti/aria_ros_ws/install/aria_vtti_interfaces/lib/python3.10/site-packages/aria_vtti_interfaces/srv/_start_s.c
-- Installing: /home/joe/vt/vtti/aria_ros_ws/install/aria_vtti_interfaces/lib/python3.10/site-packages/aria_vtti_interfaces/srv/_start.py
-- Installing: /home/joe/vt/vtti/aria_ros_ws/install/aria_vtti_interfaces/lib/python3.10/site-packages/aria_vtti_interfaces/srv/__init__.py
-- Installing: /home/joe/vt/vtti/aria_ros_ws/install/aria_vtti_interfaces/lib/python3.10/site-packages/aria_vtti_interfaces/_aria_vtti_interfaces_s.ep.rosidl_typesupport_c.c
-- Installing: /home/joe/vt/vtti/aria_ros_ws/install/aria_vtti_interfaces/lib/python3.10/site-packages/aria_vtti_interfaces/_aria_vtti_interfaces_s.ep.rosidl_typesupport_fastrtps_c.c
-- Installing: /home/joe/vt/vtti/aria_ros_ws/install/aria_vtti_interfaces/lib/python3.10/site-packages/aria_vtti_interfaces/libaria_vtti_interfaces__rosidl_generator_py.so
-- Installing: /home/joe/vt/vtti/aria_ros_ws/install/aria_vtti_interfaces/lib/python3.10/site-packages/aria_vtti_interfaces/__init__.py
-- Installing: /home/joe/vt/vtti/aria_ros_ws/install/aria_vtti_interfaces/lib/python3.10/site-packages/aria_vtti_interfaces/aria_vtti_interfaces_s__rosidl_typesupport_c.cpython-310-x86_64-linux-gnu.so
-- Installing: /home/joe/vt/vtti/aria_ros_ws/install/aria_vtti_interfaces/lib/python3.10/site-packages/aria_vtti_interfaces/aria_vtti_interfaces_s__rosidl_typesupport_fastrtps_c.cpython-310-x86_64-linux-gnu.so
-- Installing: /home/joe/vt/vtti/aria_ros_ws/install/aria_vtti_interfaces/lib/python3.10/site-packages/aria_vtti_interfaces/_aria_vtti_interfaces_s.ep.rosidl_typesupport_introspection_c.c
-- Installing: /home/joe/vt/vtti/aria_ros_ws/install/aria_vtti_interfaces/lib/python3.10/site-packages/aria_vtti_interfaces/aria_vtti_interfaces_s__rosidl_typesupport_introspection_c.cpython-310-x86_64-linux-gnu.so
Listing '/home/joe/vt/vtti/aria_ros_ws/install/aria_vtti_interfaces/lib/python3.10/site-packages/aria_vtti_interfaces'...
Compiling '/home/joe/vt/vtti/aria_ros_ws/install/aria_vtti_interfaces/lib/python3.10/site-packages/aria_vtti_interfaces/__init__.py'...
Listing '/home/joe/vt/vtti/aria_ros_ws/install/aria_vtti_interfaces/lib/python3.10/site-packages/aria_vtti_interfaces/srv'...
Compiling '/home/joe/vt/vtti/aria_ros_ws/install/aria_vtti_interfaces/lib/python3.10/site-packages/aria_vtti_interfaces/srv/__init__.py'...
Compiling '/home/joe/vt/vtti/aria_ros_ws/install/aria_vtti_interfaces/lib/python3.10/site-packages/aria_vtti_interfaces/srv/_start.py'...
-- Installing: /home/joe/vt/vtti/aria_ros_ws/install/aria_vtti_interfaces/lib/python3.10/site-packages/aria_vtti_interfaces/aria_vtti_interfaces_s__rosidl_typesupport_fastrtps_c.cpython-310-x86_64-linux-gnu.so
-- Set runtime path of "/home/joe/vt/vtti/aria_ros_ws/install/aria_vtti_interfaces/lib/python3.10/site-packages/aria_vtti_interfaces/aria_vtti_interfaces_s__rosidl_typesupport_fastrtps_c.cpython-310-x86_64-linux-gnu.so" to ""
-- Installing: /home/joe/vt/vtti/aria_ros_ws/install/aria_vtti_interfaces/lib/python3.10/site-packages/aria_vtti_interfaces/aria_vtti_interfaces_s__rosidl_typesupport_introspection_c.cpython-310-x86_64-linux-gnu.so
-- Set runtime path of "/home/joe/vt/vtti/aria_ros_ws/install/aria_vtti_interfaces/lib/python3.10/site-packages/aria_vtti_interfaces/aria_vtti_interfaces_s__rosidl_typesupport_introspection_c.cpython-310-x86_64-linux-gnu.so" to ""
-- Installing: /home/joe/vt/vtti/aria_ros_ws/install/aria_vtti_interfaces/lib/python3.10/site-packages/aria_vtti_interfaces/aria_vtti_interfaces_s__rosidl_typesupport_c.cpython-310-x86_64-linux-gnu.so
-- Set runtime path of "/home/joe/vt/vtti/aria_ros_ws/install/aria_vtti_interfaces/lib/python3.10/site-packages/aria_vtti_interfaces/aria_vtti_interfaces_s__rosidl_typesupport_c.cpython-310-x86_64-linux-gnu.so" to ""
-- Installing: /home/joe/vt/vtti/aria_ros_ws/install/aria_vtti_interfaces/lib/libaria_vtti_interfaces__rosidl_generator_py.so
-- Set runtime path of "/home/joe/vt/vtti/aria_ros_ws/install/aria_vtti_interfaces/lib/libaria_vtti_interfaces__rosidl_generator_py.so" to ""
-- Installing: /home/joe/vt/vtti/aria_ros_ws/install/aria_vtti_interfaces/share/aria_vtti_interfaces/srv/Start.idl
-- Installing: /home/joe/vt/vtti/aria_ros_ws/install/aria_vtti_interfaces/share/aria_vtti_interfaces/srv/Start.srv
-- Installing: /home/joe/vt/vtti/aria_ros_ws/install/aria_vtti_interfaces/share/aria_vtti_interfaces/srv/Start_Request.msg
-- Installing: /home/joe/vt/vtti/aria_ros_ws/install/aria_vtti_interfaces/share/aria_vtti_interfaces/srv/Start_Response.msg
-- Installing: /home/joe/vt/vtti/aria_ros_ws/install/aria_vtti_interfaces/share/ament_index/resource_index/package_run_dependencies/aria_vtti_interfaces
-- Installing: /home/joe/vt/vtti/aria_ros_ws/install/aria_vtti_interfaces/share/ament_index/resource_index/parent_prefix_path/aria_vtti_interfaces
-- Installing: /home/joe/vt/vtti/aria_ros_ws/install/aria_vtti_interfaces/share/aria_vtti_interfaces/environment/ament_prefix_path.sh
-- Installing: /home/joe/vt/vtti/aria_ros_ws/install/aria_vtti_interfaces/share/aria_vtti_interfaces/environment/ament_prefix_path.dsv
-- Installing: /home/joe/vt/vtti/aria_ros_ws/install/aria_vtti_interfaces/share/aria_vtti_interfaces/environment/path.sh
-- Installing: /home/joe/vt/vtti/aria_ros_ws/install/aria_vtti_interfaces/share/aria_vtti_interfaces/environment/path.dsv
-- Installing: /home/joe/vt/vtti/aria_ros_ws/install/aria_vtti_interfaces/share/aria_vtti_interfaces/local_setup.bash
-- Installing: /home/joe/vt/vtti/aria_ros_ws/install/aria_vtti_interfaces/share/aria_vtti_interfaces/local_setup.sh
-- Installing: /home/joe/vt/vtti/aria_ros_ws/install/aria_vtti_interfaces/share/aria_vtti_interfaces/local_setup.zsh
-- Installing: /home/joe/vt/vtti/aria_ros_ws/install/aria_vtti_interfaces/share/aria_vtti_interfaces/local_setup.dsv
-- Installing: /home/joe/vt/vtti/aria_ros_ws/install/aria_vtti_interfaces/share/aria_vtti_interfaces/package.dsv
-- Installing: /home/joe/vt/vtti/aria_ros_ws/install/aria_vtti_interfaces/share/ament_index/resource_index/packages/aria_vtti_interfaces
-- Installing: /home/joe/vt/vtti/aria_ros_ws/install/aria_vtti_interfaces/share/aria_vtti_interfaces/cmake/export_aria_vtti_interfaces__rosidl_generator_cExport.cmake
-- Installing: /home/joe/vt/vtti/aria_ros_ws/install/aria_vtti_interfaces/share/aria_vtti_interfaces/cmake/export_aria_vtti_interfaces__rosidl_generator_cExport-noconfig.cmake
-- Installing: /home/joe/vt/vtti/aria_ros_ws/install/aria_vtti_interfaces/share/aria_vtti_interfaces/cmake/export_aria_vtti_interfaces__rosidl_typesupport_fastrtps_cExport.cmake
-- Installing: /home/joe/vt/vtti/aria_ros_ws/install/aria_vtti_interfaces/share/aria_vtti_interfaces/cmake/export_aria_vtti_interfaces__rosidl_typesupport_fastrtps_cExport-noconfig.cmake
-- Installing: /home/joe/vt/vtti/aria_ros_ws/install/aria_vtti_interfaces/share/aria_vtti_interfaces/cmake/aria_vtti_interfaces__rosidl_typesupport_introspection_cExport.cmake
-- Installing: /home/joe/vt/vtti/aria_ros_ws/install/aria_vtti_interfaces/share/aria_vtti_interfaces/cmake/aria_vtti_interfaces__rosidl_typesupport_introspection_cExport-noconfig.cmake
-- Installing: /home/joe/vt/vtti/aria_ros_ws/install/aria_vtti_interfaces/share/aria_vtti_interfaces/cmake/aria_vtti_interfaces__rosidl_typesupport_cExport.cmake
-- Installing: /home/joe/vt/vtti/aria_ros_ws/install/aria_vtti_interfaces/share/aria_vtti_interfaces/cmake/aria_vtti_interfaces__rosidl_typesupport_cExport-noconfig.cmake
-- Installing: /home/joe/vt/vtti/aria_ros_ws/install/aria_vtti_interfaces/share/aria_vtti_interfaces/cmake/export_aria_vtti_interfaces__rosidl_generator_cppExport.cmake
-- Installing: /home/joe/vt/vtti/aria_ros_ws/install/aria_vtti_interfaces/share/aria_vtti_interfaces/cmake/export_aria_vtti_interfaces__rosidl_typesupport_fastrtps_cppExport.cmake
-- Installing: /home/joe/vt/vtti/aria_ros_ws/install/aria_vtti_interfaces/share/aria_vtti_interfaces/cmake/export_aria_vtti_interfaces__rosidl_typesupport_fastrtps_cppExport-noconfig.cmake
-- Installing: /home/joe/vt/vtti/aria_ros_ws/install/aria_vtti_interfaces/share/aria_vtti_interfaces/cmake/aria_vtti_interfaces__rosidl_typesupport_introspection_cppExport.cmake
-- Installing: /home/joe/vt/vtti/aria_ros_ws/install/aria_vtti_interfaces/share/aria_vtti_interfaces/cmake/aria_vtti_interfaces__rosidl_typesupport_introspection_cppExport-noconfig.cmake
-- Installing: /home/joe/vt/vtti/aria_ros_ws/install/aria_vtti_interfaces/share/aria_vtti_interfaces/cmake/aria_vtti_interfaces__rosidl_typesupport_cppExport.cmake
-- Installing: /home/joe/vt/vtti/aria_ros_ws/install/aria_vtti_interfaces/share/aria_vtti_interfaces/cmake/aria_vtti_interfaces__rosidl_typesupport_cppExport-noconfig.cmake
-- Installing: /home/joe/vt/vtti/aria_ros_ws/install/aria_vtti_interfaces/share/aria_vtti_interfaces/cmake/export_aria_vtti_interfaces__rosidl_generator_pyExport.cmake
-- Installing: /home/joe/vt/vtti/aria_ros_ws/install/aria_vtti_interfaces/share/aria_vtti_interfaces/cmake/export_aria_vtti_interfaces__rosidl_generator_pyExport-noconfig.cmake
-- Installing: /home/joe/vt/vtti/aria_ros_ws/install/aria_vtti_interfaces/share/aria_vtti_interfaces/cmake/rosidl_cmake-extras.cmake
-- Installing: /home/joe/vt/vtti/aria_ros_ws/install/aria_vtti_interfaces/share/aria_vtti_interfaces/cmake/ament_cmake_export_include_directories-extras.cmake
-- Installing: /home/joe/vt/vtti/aria_ros_ws/install/aria_vtti_interfaces/share/aria_vtti_interfaces/cmake/ament_cmake_export_libraries-extras.cmake
-- Installing: /home/joe/vt/vtti/aria_ros_ws/install/aria_vtti_interfaces/share/aria_vtti_interfaces/cmake/ament_cmake_export_targets-extras.cmake
-- Installing: /home/joe/vt/vtti/aria_ros_ws/install/aria_vtti_interfaces/share/aria_vtti_interfaces/cmake/rosidl_cmake_export_typesupport_targets-extras.cmake
-- Installing: /home/joe/vt/vtti/aria_ros_ws/install/aria_vtti_interfaces/share/aria_vtti_interfaces/cmake/ament_cmake_export_dependencies-extras.cmake
-- Installing: /home/joe/vt/vtti/aria_ros_ws/install/aria_vtti_interfaces/share/aria_vtti_interfaces/cmake/rosidl_cmake_export_typesupport_libraries-extras.cmake
-- Installing: /home/joe/vt/vtti/aria_ros_ws/install/aria_vtti_interfaces/share/aria_vtti_interfaces/cmake/aria_vtti_interfacesConfig.cmake
-- Installing: /home/joe/vt/vtti/aria_ros_ws/install/aria_vtti_interfaces/share/aria_vtti_interfaces/cmake/aria_vtti_interfacesConfig-version.cmake
-- Installing: /home/joe/vt/vtti/aria_ros_ws/install/aria_vtti_interfaces/share/aria_vtti_interfaces/package.xml
