running egg_info
creating ../../build/aria_localization/aria_localization.egg-info
writing ../../build/aria_localization/aria_localization.egg-info/PKG-INFO
writing dependency_links to ../../build/aria_localization/aria_localization.egg-info/dependency_links.txt
writing entry points to ../../build/aria_localization/aria_localization.egg-info/entry_points.txt
writing requirements to ../../build/aria_localization/aria_localization.egg-info/requires.txt
writing top-level names to ../../build/aria_localization/aria_localization.egg-info/top_level.txt
writing manifest file '../../build/aria_localization/aria_localization.egg-info/SOURCES.txt'
reading manifest file '../../build/aria_localization/aria_localization.egg-info/SOURCES.txt'
writing manifest file '../../build/aria_localization/aria_localization.egg-info/SOURCES.txt'
running build
running build_py
creating /home/joe/vt/vtti/aria_ros_ws/build/aria_localization/build
creating /home/joe/vt/vtti/aria_ros_ws/build/aria_localization/build/lib
creating /home/joe/vt/vtti/aria_ros_ws/build/aria_localization/build/lib/aria_localization
copying aria_localization/playback_server.py -> /home/joe/vt/vtti/aria_ros_ws/build/aria_localization/build/lib/aria_localization
copying aria_localization/__init__.py -> /home/joe/vt/vtti/aria_ros_ws/build/aria_localization/build/lib/aria_localization
copying aria_localization/AriaIO.py -> /home/joe/vt/vtti/aria_ros_ws/build/aria_localization/build/lib/aria_localization
running install
running install_lib
creating /home/joe/vt/vtti/aria_ros_ws/install/aria_localization/lib/python3.10/site-packages/aria_localization
copying /home/joe/vt/vtti/aria_ros_ws/build/aria_localization/build/lib/aria_localization/playback_server.py -> /home/joe/vt/vtti/aria_ros_ws/install/aria_localization/lib/python3.10/site-packages/aria_localization
copying /home/joe/vt/vtti/aria_ros_ws/build/aria_localization/build/lib/aria_localization/__init__.py -> /home/joe/vt/vtti/aria_ros_ws/install/aria_localization/lib/python3.10/site-packages/aria_localization
copying /home/joe/vt/vtti/aria_ros_ws/build/aria_localization/build/lib/aria_localization/AriaIO.py -> /home/joe/vt/vtti/aria_ros_ws/install/aria_localization/lib/python3.10/site-packages/aria_localization
byte-compiling /home/joe/vt/vtti/aria_ros_ws/install/aria_localization/lib/python3.10/site-packages/aria_localization/playback_server.py to playback_server.cpython-310.pyc
byte-compiling /home/joe/vt/vtti/aria_ros_ws/install/aria_localization/lib/python3.10/site-packages/aria_localization/__init__.py to __init__.cpython-310.pyc
byte-compiling /home/joe/vt/vtti/aria_ros_ws/install/aria_localization/lib/python3.10/site-packages/aria_localization/AriaIO.py to AriaIO.cpython-310.pyc
running install_data
creating /home/joe/vt/vtti/aria_ros_ws/install/aria_localization/share/ament_index
creating /home/joe/vt/vtti/aria_ros_ws/install/aria_localization/share/ament_index/resource_index
creating /home/joe/vt/vtti/aria_ros_ws/install/aria_localization/share/ament_index/resource_index/packages
copying resource/aria_localization -> /home/joe/vt/vtti/aria_ros_ws/install/aria_localization/share/ament_index/resource_index/packages
copying package.xml -> /home/joe/vt/vtti/aria_ros_ws/install/aria_localization/share/aria_localization
running install_egg_info
Copying ../../build/aria_localization/aria_localization.egg-info to /home/joe/vt/vtti/aria_ros_ws/install/aria_localization/lib/python3.10/site-packages/aria_localization-0.0.0-py3.10.egg-info
running install_scripts
Installing playback_server script to /home/joe/vt/vtti/aria_ros_ws/install/aria_localization/lib/aria_localization
writing list of installed files to '/home/joe/vt/vtti/aria_ros_ws/build/aria_localization/install.log'
