[0.465s] Invoking command in '/home/joe/vt/vtti/aria_ros_ws/src/aria_localization': AMENT_PREFIX_PATH=/home/joe/vt/vtti/aria_ros_ws/install/aria_vtti_interfaces:${AMENT_PREFIX_PATH} CMAKE_PREFIX_PATH=/home/joe/vt/vtti/aria_ros_ws/install/aria_vtti_interfaces LD_LIBRARY_PATH=/home/joe/vt/vtti/aria_ros_ws/install/aria_vtti_interfaces/lib:${LD_LIBRARY_PATH} PYTHONPATH=/home/joe/vt/vtti/aria_ros_ws/build/aria_localization/prefix_override:/usr/lib/python3/dist-packages/colcon_core/task/python/colcon_distutils_commands:/home/joe/vt/vtti/aria_ros_ws/install/aria_localization/lib/python3.10/site-packages:/home/joe/vt/vtti/aria_ros_ws/install/aria_vtti_interfaces/lib/python3.10/site-packages:${PYTHONPATH} /usr/bin/python3 -W ignore:setup.py install is deprecated setup.py egg_info --egg-base ../../build/aria_localization build --build-base /home/joe/vt/vtti/aria_ros_ws/build/aria_localization/build install --record /home/joe/vt/vtti/aria_ros_ws/build/aria_localization/install.log --single-version-externally-managed install_data
[0.640s] running egg_info
[0.640s] creating ../../build/aria_localization/aria_localization.egg-info
[0.640s] writing ../../build/aria_localization/aria_localization.egg-info/PKG-INFO
[0.640s] writing dependency_links to ../../build/aria_localization/aria_localization.egg-info/dependency_links.txt
[0.640s] writing entry points to ../../build/aria_localization/aria_localization.egg-info/entry_points.txt
[0.640s] writing requirements to ../../build/aria_localization/aria_localization.egg-info/requires.txt
[0.640s] writing top-level names to ../../build/aria_localization/aria_localization.egg-info/top_level.txt
[0.640s] writing manifest file '../../build/aria_localization/aria_localization.egg-info/SOURCES.txt'
[0.642s] reading manifest file '../../build/aria_localization/aria_localization.egg-info/SOURCES.txt'
[0.643s] writing manifest file '../../build/aria_localization/aria_localization.egg-info/SOURCES.txt'
[0.643s] running build
[0.643s] running build_py
[0.643s] creating /home/joe/vt/vtti/aria_ros_ws/build/aria_localization/build
[0.644s] creating /home/joe/vt/vtti/aria_ros_ws/build/aria_localization/build/lib
[0.644s] creating /home/joe/vt/vtti/aria_ros_ws/build/aria_localization/build/lib/aria_localization
[0.644s] copying aria_localization/playback_server.py -> /home/joe/vt/vtti/aria_ros_ws/build/aria_localization/build/lib/aria_localization
[0.644s] copying aria_localization/__init__.py -> /home/joe/vt/vtti/aria_ros_ws/build/aria_localization/build/lib/aria_localization
[0.644s] copying aria_localization/AriaIO.py -> /home/joe/vt/vtti/aria_ros_ws/build/aria_localization/build/lib/aria_localization
[0.644s] running install
[0.644s] running install_lib
[0.645s] creating /home/joe/vt/vtti/aria_ros_ws/install/aria_localization/lib/python3.10/site-packages/aria_localization
[0.645s] copying /home/joe/vt/vtti/aria_ros_ws/build/aria_localization/build/lib/aria_localization/playback_server.py -> /home/joe/vt/vtti/aria_ros_ws/install/aria_localization/lib/python3.10/site-packages/aria_localization
[0.645s] copying /home/joe/vt/vtti/aria_ros_ws/build/aria_localization/build/lib/aria_localization/__init__.py -> /home/joe/vt/vtti/aria_ros_ws/install/aria_localization/lib/python3.10/site-packages/aria_localization
[0.645s] copying /home/joe/vt/vtti/aria_ros_ws/build/aria_localization/build/lib/aria_localization/AriaIO.py -> /home/joe/vt/vtti/aria_ros_ws/install/aria_localization/lib/python3.10/site-packages/aria_localization
[0.645s] byte-compiling /home/joe/vt/vtti/aria_ros_ws/install/aria_localization/lib/python3.10/site-packages/aria_localization/playback_server.py to playback_server.cpython-310.pyc
[0.646s] byte-compiling /home/joe/vt/vtti/aria_ros_ws/install/aria_localization/lib/python3.10/site-packages/aria_localization/__init__.py to __init__.cpython-310.pyc
[0.646s] byte-compiling /home/joe/vt/vtti/aria_ros_ws/install/aria_localization/lib/python3.10/site-packages/aria_localization/AriaIO.py to AriaIO.cpython-310.pyc
[0.646s] running install_data
[0.646s] creating /home/joe/vt/vtti/aria_ros_ws/install/aria_localization/share/ament_index
[0.646s] creating /home/joe/vt/vtti/aria_ros_ws/install/aria_localization/share/ament_index/resource_index
[0.646s] creating /home/joe/vt/vtti/aria_ros_ws/install/aria_localization/share/ament_index/resource_index/packages
[0.647s] copying resource/aria_localization -> /home/joe/vt/vtti/aria_ros_ws/install/aria_localization/share/ament_index/resource_index/packages
[0.647s] copying package.xml -> /home/joe/vt/vtti/aria_ros_ws/install/aria_localization/share/aria_localization
[0.647s] running install_egg_info
[0.649s] Copying ../../build/aria_localization/aria_localization.egg-info to /home/joe/vt/vtti/aria_ros_ws/install/aria_localization/lib/python3.10/site-packages/aria_localization-0.0.0-py3.10.egg-info
[0.649s] running install_scripts
[0.662s] Installing playback_server script to /home/joe/vt/vtti/aria_ros_ws/install/aria_localization/lib/aria_localization
[0.663s] writing list of installed files to '/home/joe/vt/vtti/aria_ros_ws/build/aria_localization/install.log'
[0.679s] Invoked command in '/home/joe/vt/vtti/aria_ros_ws/src/aria_localization' returned '0': AMENT_PREFIX_PATH=/home/joe/vt/vtti/aria_ros_ws/install/aria_vtti_interfaces:${AMENT_PREFIX_PATH} CMAKE_PREFIX_PATH=/home/joe/vt/vtti/aria_ros_ws/install/aria_vtti_interfaces LD_LIBRARY_PATH=/home/joe/vt/vtti/aria_ros_ws/install/aria_vtti_interfaces/lib:${LD_LIBRARY_PATH} PYTHONPATH=/home/joe/vt/vtti/aria_ros_ws/build/aria_localization/prefix_override:/usr/lib/python3/dist-packages/colcon_core/task/python/colcon_distutils_commands:/home/joe/vt/vtti/aria_ros_ws/install/aria_localization/lib/python3.10/site-packages:/home/joe/vt/vtti/aria_ros_ws/install/aria_vtti_interfaces/lib/python3.10/site-packages:${PYTHONPATH} /usr/bin/python3 -W ignore:setup.py install is deprecated setup.py egg_info --egg-base ../../build/aria_localization build --build-base /home/joe/vt/vtti/aria_ros_ws/build/aria_localization/build install --record /home/joe/vt/vtti/aria_ros_ws/build/aria_localization/install.log --single-version-externally-managed install_data
